{"buildHistory":[{"buildID":1,"commitHash":"45a1d97","buildDate":"2021-02-05T15:00:11Z","branch":"Kalle-#15-JSONpersistant-feat","installResult":{"installSuccessfull":true},"buildResult":{"buildSuccessfull":true,"buildLogs":"The build was successfull"},"testResult":{"testSuccessfull":true,"testLogs":"Successfull on 32 out of 32 tests"}},{"buildID":2,"commitHash":"45a1d97","buildDate":"2021-02-05T15:00:11Z","branch":"Kalle-#15-JSONpersistant-feat","installResult":{"installSuccessfull":false},"buildResult":{"buildSuccessfull":false,"buildLogs":"The build was successfull"},"testResult":{"testSuccessfull":false,"testLogs":"Successfull on 32 out of 32 tests"}},{"buildID":3,"commitHash":"f697914","buildDate":"20210210_164907","branch":"TEST_total_success","installResult":{"installSuccessfull":true,"installLogs":"[INFO] Scanning for projects...\n[INFO] \n[INFO] -----------------------------\u003c group18:ci \u003e-----------------------------\n[INFO] Building ci 1.0\n[INFO] --------------------------------[ jar ]---------------------------------\n[INFO] \n[INFO] --- maven-dependency-plugin:2.8:resolve (default-cli) @ ci ---\n[INFO] \n[INFO] The following files have been resolved:\n[INFO]    org.eclipse.jetty:jetty-io:jar:7.0.2.v20100331:compile\n[INFO]    org.eclipse.jetty:jetty-util:jar:7.0.2.v20100331:compile\n[INFO]    javax.servlet:javax.servlet-api:jar:4.0.1:provided\n[INFO]    org.junit.jupiter:junit-jupiter:jar:5.7.0:test\n[INFO]    org.junit.jupiter:junit-jupiter-engine:jar:5.7.0:test\n[INFO]    org.eclipse.jetty:jetty-http:jar:7.0.2.v20100331:compile\n[INFO]    org.eclipse.jetty:jetty-continuation:jar:7.0.2.v20100331:compile\n[INFO]    org.junit.jupiter:junit-jupiter-api:jar:5.7.0:compile\n[INFO]    javax.servlet:servlet-api:jar:2.5:compile\n[INFO]    org.eclipse.jetty:jetty-server:jar:7.0.2.v20100331:compile\n[INFO]    org.opentest4j:opentest4j:jar:1.2.0:compile\n[INFO]    org.junit.jupiter:junit-jupiter-params:jar:5.7.0:test\n[INFO]    org.junit.platform:junit-platform-commons:jar:1.7.0:compile\n[INFO]    org.apiguardian:apiguardian-api:jar:1.1.0:compile\n[INFO]    org.junit.platform:junit-platform-engine:jar:1.7.0:test\n[INFO] \n[INFO] ------------------------------------------------------------------------\n[INFO] BUILD SUCCESS\n[INFO] ------------------------------------------------------------------------\n[INFO] Total time:  4.889 s\n[INFO] Finished at: 2021-02-10T16:48:32+01:00\n[INFO] ------------------------------------------------------------------------\n"},"buildResult":{"buildSuccessfull":true,"buildLogs":"[INFO] Scanning for projects...\n[INFO] \n[INFO] -----------------------------\u003c group18:ci \u003e-----------------------------\n[INFO] Building ci 1.0\n[INFO] --------------------------------[ jar ]---------------------------------\n[INFO] \n[INFO] --- maven-resources-plugin:3.0.2:resources (default-resources) @ ci ---\n[INFO] Using \u0027UTF-8\u0027 encoding to copy filtered resources.\n[INFO] skip non existing resourceDirectory /Users/oscar/Desktop/dd2480-g18-Continuous-Integration/tmp_build/f697914/dd2480-g18-Continuous-Integration/src/main/resources\n[INFO] \n[INFO] --- maven-compiler-plugin:3.8.0:compile (default-compile) @ ci ---\n[INFO] Changes detected - recompiling the module!\n[INFO] Compiling 1 source file to /Users/oscar/Desktop/dd2480-g18-Continuous-Integration/tmp_build/f697914/dd2480-g18-Continuous-Integration/target/classes\n[INFO] ------------------------------------------------------------------------\n[INFO] BUILD SUCCESS\n[INFO] ------------------------------------------------------------------------\n[INFO] Total time:  6.024 s\n[INFO] Finished at: 2021-02-10T16:48:42+01:00\n[INFO] ------------------------------------------------------------------------\n"},"testResult":{"testSuccessfull":true,"testLogs":"[INFO] Scanning for projects...\n[INFO] \n[INFO] -----------------------------\u003c group18:ci \u003e-----------------------------\n[INFO] Building ci 1.0\n[INFO] --------------------------------[ jar ]---------------------------------\n[INFO] \n[INFO] --- maven-resources-plugin:3.0.2:resources (default-resources) @ ci ---\n[INFO] Using \u0027UTF-8\u0027 encoding to copy filtered resources.\n[INFO] skip non existing resourceDirectory /Users/oscar/Desktop/dd2480-g18-Continuous-Integration/tmp_build/f697914/dd2480-g18-Continuous-Integration/src/main/resources\n[INFO] \n[INFO] --- maven-compiler-plugin:3.8.0:compile (default-compile) @ ci ---\n[INFO] Nothing to compile - all classes are up to date\n[INFO] \n[INFO] --- maven-resources-plugin:3.0.2:testResources (default-testResources) @ ci ---\n[INFO] Using \u0027UTF-8\u0027 encoding to copy filtered resources.\n[INFO] skip non existing resourceDirectory /Users/oscar/Desktop/dd2480-g18-Continuous-Integration/tmp_build/f697914/dd2480-g18-Continuous-Integration/src/test/resources\n[INFO] \n[INFO] --- maven-compiler-plugin:3.8.0:testCompile (default-testCompile) @ ci ---\n[INFO] Changes detected - recompiling the module!\n[INFO] Compiling 2 source files to /Users/oscar/Desktop/dd2480-g18-Continuous-Integration/tmp_build/f697914/dd2480-g18-Continuous-Integration/target/test-classes\n[INFO] \n[INFO] --- maven-surefire-plugin:2.22.1:test (default-test) @ ci ---\n[INFO] \n[INFO] -------------------------------------------------------\n[INFO]  T E S T S\n[INFO] -------------------------------------------------------\n[INFO] Running test.ExampleTest\n[INFO] Tests run: 1, Failures: 0, Errors: 0, Skipped: 0, Time elapsed: 0.186 s - in test.ExampleTest\n[INFO] Running SuccessTest\n[INFO] Tests run: 3, Failures: 0, Errors: 0, Skipped: 0, Time elapsed: 0.001 s - in SuccessTest\n[INFO] \n[INFO] Results:\n[INFO] \n[INFO] Tests run: 4, Failures: 0, Errors: 0, Skipped: 0\n[INFO] \n[INFO] ------------------------------------------------------------------------\n[INFO] BUILD SUCCESS\n[INFO] ------------------------------------------------------------------------\n[INFO] Total time:  12.308 s\n[INFO] Finished at: 2021-02-10T16:48:57+01:00\n[INFO] ------------------------------------------------------------------------\n"}},{"buildID":4,"commitHash":"fa07481","buildDate":"20210210_165707","branch":"TEST_total_success","installResult":{"installSuccessfull":true,"installLogs":"[INFO] Scanning for projects...\n[INFO] \n[INFO] -----------------------------\u003c group18:ci \u003e-----------------------------\n[INFO] Building ci 1.0\n[INFO] --------------------------------[ jar ]---------------------------------\n[INFO] \n[INFO] --- maven-dependency-plugin:2.8:resolve (default-cli) @ ci ---\n[INFO] \n[INFO] The following files have been resolved:\n[INFO]    org.eclipse.jetty:jetty-io:jar:7.0.2.v20100331:compile\n[INFO]    org.eclipse.jetty:jetty-util:jar:7.0.2.v20100331:compile\n[INFO]    javax.servlet:javax.servlet-api:jar:4.0.1:provided\n[INFO]    org.junit.jupiter:junit-jupiter:jar:5.7.0:test\n[INFO]    org.junit.jupiter:junit-jupiter-engine:jar:5.7.0:test\n[INFO]    org.eclipse.jetty:jetty-http:jar:7.0.2.v20100331:compile\n[INFO]    org.eclipse.jetty:jetty-continuation:jar:7.0.2.v20100331:compile\n[INFO]    org.junit.jupiter:junit-jupiter-api:jar:5.7.0:compile\n[INFO]    javax.servlet:servlet-api:jar:2.5:compile\n[INFO]    org.eclipse.jetty:jetty-server:jar:7.0.2.v20100331:compile\n[INFO]    org.opentest4j:opentest4j:jar:1.2.0:compile\n[INFO]    org.junit.jupiter:junit-jupiter-params:jar:5.7.0:test\n[INFO]    org.junit.platform:junit-platform-commons:jar:1.7.0:compile\n[INFO]    org.apiguardian:apiguardian-api:jar:1.1.0:compile\n[INFO]    org.junit.platform:junit-platform-engine:jar:1.7.0:test\n[INFO] \n[INFO] ------------------------------------------------------------------------\n[INFO] BUILD SUCCESS\n[INFO] ------------------------------------------------------------------------\n[INFO] Total time:  4.014 s\n[INFO] Finished at: 2021-02-10T16:56:37+01:00\n[INFO] ------------------------------------------------------------------------\n"},"buildResult":{"buildSuccessfull":true,"buildLogs":"[INFO] Scanning for projects...\n[INFO] \n[INFO] -----------------------------\u003c group18:ci \u003e-----------------------------\n[INFO] Building ci 1.0\n[INFO] --------------------------------[ jar ]---------------------------------\n[INFO] \n[INFO] --- maven-resources-plugin:3.0.2:resources (default-resources) @ ci ---\n[INFO] Using \u0027UTF-8\u0027 encoding to copy filtered resources.\n[INFO] skip non existing resourceDirectory /Users/oscar/Desktop/dd2480-g18-Continuous-Integration/tmp_build/fa07481/dd2480-g18-Continuous-Integration/src/main/resources\n[INFO] \n[INFO] --- maven-compiler-plugin:3.8.0:compile (default-compile) @ ci ---\n[INFO] Changes detected - recompiling the module!\n[INFO] Compiling 1 source file to /Users/oscar/Desktop/dd2480-g18-Continuous-Integration/tmp_build/fa07481/dd2480-g18-Continuous-Integration/target/classes\n[INFO] ------------------------------------------------------------------------\n[INFO] BUILD SUCCESS\n[INFO] ------------------------------------------------------------------------\n[INFO] Total time:  4.028 s\n[INFO] Finished at: 2021-02-10T16:56:45+01:00\n[INFO] ------------------------------------------------------------------------\n"},"testResult":{"testSuccessfull":true,"testLogs":"[INFO] Scanning for projects...\n[INFO] \n[INFO] -----------------------------\u003c group18:ci \u003e-----------------------------\n[INFO] Building ci 1.0\n[INFO] --------------------------------[ jar ]---------------------------------\n[INFO] \n[INFO] --- maven-resources-plugin:3.0.2:resources (default-resources) @ ci ---\n[INFO] Using \u0027UTF-8\u0027 encoding to copy filtered resources.\n[INFO] skip non existing resourceDirectory /Users/oscar/Desktop/dd2480-g18-Continuous-Integration/tmp_build/fa07481/dd2480-g18-Continuous-Integration/src/main/resources\n[INFO] \n[INFO] --- maven-compiler-plugin:3.8.0:compile (default-compile) @ ci ---\n[INFO] Nothing to compile - all classes are up to date\n[INFO] \n[INFO] --- maven-resources-plugin:3.0.2:testResources (default-testResources) @ ci ---\n[INFO] Using \u0027UTF-8\u0027 encoding to copy filtered resources.\n[INFO] skip non existing resourceDirectory /Users/oscar/Desktop/dd2480-g18-Continuous-Integration/tmp_build/fa07481/dd2480-g18-Continuous-Integration/src/test/resources\n[INFO] \n[INFO] --- maven-compiler-plugin:3.8.0:testCompile (default-testCompile) @ ci ---\n[INFO] Changes detected - recompiling the module!\n[INFO] Compiling 2 source files to /Users/oscar/Desktop/dd2480-g18-Continuous-Integration/tmp_build/fa07481/dd2480-g18-Continuous-Integration/target/test-classes\n[INFO] \n[INFO] --- maven-surefire-plugin:2.22.1:test (default-test) @ ci ---\n[INFO] \n[INFO] -------------------------------------------------------\n[INFO]  T E S T S\n[INFO] -------------------------------------------------------\n[INFO] Running test.ExampleTest\n[INFO] Tests run: 1, Failures: 0, Errors: 0, Skipped: 0, Time elapsed: 0.188 s - in test.ExampleTest\n[INFO] Running SuccessTest\n[INFO] Tests run: 3, Failures: 0, Errors: 0, Skipped: 0, Time elapsed: 0.018 s - in SuccessTest\n[INFO] \n[INFO] Results:\n[INFO] \n[INFO] Tests run: 4, Failures: 0, Errors: 0, Skipped: 0\n[INFO] \n[INFO] ------------------------------------------------------------------------\n[INFO] BUILD SUCCESS\n[INFO] ------------------------------------------------------------------------\n[INFO] Total time:  6.427 s\n[INFO] Finished at: 2021-02-10T16:56:56+01:00\n[INFO] ------------------------------------------------------------------------\n"}},{"buildID":5,"commitHash":"fdfd8d5","buildDate":"2021-02-10 17:07:45","branch":"TEST_total_success","installResult":{"installSuccessfull":true,"installLogs":"[INFO] Scanning for projects...\n[INFO] \n[INFO] -----------------------------\u003c group18:ci \u003e-----------------------------\n[INFO] Building ci 1.0\n[INFO] --------------------------------[ jar ]---------------------------------\n[INFO] \n[INFO] --- maven-dependency-plugin:2.8:resolve (default-cli) @ ci ---\n[INFO] \n[INFO] The following files have been resolved:\n[INFO]    org.eclipse.jetty:jetty-io:jar:7.0.2.v20100331:compile\n[INFO]    org.eclipse.jetty:jetty-util:jar:7.0.2.v20100331:compile\n[INFO]    javax.servlet:javax.servlet-api:jar:4.0.1:provided\n[INFO]    org.junit.jupiter:junit-jupiter:jar:5.7.0:test\n[INFO]    org.junit.jupiter:junit-jupiter-engine:jar:5.7.0:test\n[INFO]    org.eclipse.jetty:jetty-http:jar:7.0.2.v20100331:compile\n[INFO]    org.eclipse.jetty:jetty-continuation:jar:7.0.2.v20100331:compile\n[INFO]    org.junit.jupiter:junit-jupiter-api:jar:5.7.0:compile\n[INFO]    javax.servlet:servlet-api:jar:2.5:compile\n[INFO]    org.eclipse.jetty:jetty-server:jar:7.0.2.v20100331:compile\n[INFO]    org.opentest4j:opentest4j:jar:1.2.0:compile\n[INFO]    org.junit.jupiter:junit-jupiter-params:jar:5.7.0:test\n[INFO]    org.junit.platform:junit-platform-commons:jar:1.7.0:compile\n[INFO]    org.apiguardian:apiguardian-api:jar:1.1.0:compile\n[INFO]    org.junit.platform:junit-platform-engine:jar:1.7.0:test\n[INFO] \n[INFO] ------------------------------------------------------------------------\n[INFO] BUILD SUCCESS\n[INFO] ------------------------------------------------------------------------\n[INFO] Total time:  3.293 s\n[INFO] Finished at: 2021-02-10T17:07:13+01:00\n[INFO] ------------------------------------------------------------------------\n"},"buildResult":{"buildSuccessfull":true,"buildLogs":"[INFO] Scanning for projects...\n[INFO] \n[INFO] -----------------------------\u003c group18:ci \u003e-----------------------------\n[INFO] Building ci 1.0\n[INFO] --------------------------------[ jar ]---------------------------------\n[INFO] \n[INFO] --- maven-resources-plugin:3.0.2:resources (default-resources) @ ci ---\n[INFO] Using \u0027UTF-8\u0027 encoding to copy filtered resources.\n[INFO] skip non existing resourceDirectory /Users/oscar/Desktop/dd2480-g18-Continuous-Integration/tmp_build/fdfd8d5/dd2480-g18-Continuous-Integration/src/main/resources\n[INFO] \n[INFO] --- maven-compiler-plugin:3.8.0:compile (default-compile) @ ci ---\n[INFO] Changes detected - recompiling the module!\n[INFO] Compiling 1 source file to /Users/oscar/Desktop/dd2480-g18-Continuous-Integration/tmp_build/fdfd8d5/dd2480-g18-Continuous-Integration/target/classes\n[INFO] ------------------------------------------------------------------------\n[INFO] BUILD SUCCESS\n[INFO] ------------------------------------------------------------------------\n[INFO] Total time:  7.794 s\n[INFO] Finished at: 2021-02-10T17:07:29+01:00\n[INFO] ------------------------------------------------------------------------\n"},"testResult":{"testSuccessfull":true,"testLogs":"[INFO] Scanning for projects...\n[INFO] \n[INFO] -----------------------------\u003c group18:ci \u003e-----------------------------\n[INFO] Building ci 1.0\n[INFO] --------------------------------[ jar ]---------------------------------\n[INFO] \n[INFO] --- maven-resources-plugin:3.0.2:resources (default-resources) @ ci ---\n[INFO] Using \u0027UTF-8\u0027 encoding to copy filtered resources.\n[INFO] skip non existing resourceDirectory /Users/oscar/Desktop/dd2480-g18-Continuous-Integration/tmp_build/fdfd8d5/dd2480-g18-Continuous-Integration/src/main/resources\n[INFO] \n[INFO] --- maven-compiler-plugin:3.8.0:compile (default-compile) @ ci ---\n[INFO] Nothing to compile - all classes are up to date\n[INFO] \n[INFO] --- maven-resources-plugin:3.0.2:testResources (default-testResources) @ ci ---\n[INFO] Using \u0027UTF-8\u0027 encoding to copy filtered resources.\n[INFO] skip non existing resourceDirectory /Users/oscar/Desktop/dd2480-g18-Continuous-Integration/tmp_build/fdfd8d5/dd2480-g18-Continuous-Integration/src/test/resources\n[INFO] \n[INFO] --- maven-compiler-plugin:3.8.0:testCompile (default-testCompile) @ ci ---\n[INFO] Changes detected - recompiling the module!\n[INFO] Compiling 2 source files to /Users/oscar/Desktop/dd2480-g18-Continuous-Integration/tmp_build/fdfd8d5/dd2480-g18-Continuous-Integration/target/test-classes\n[INFO] \n[INFO] --- maven-surefire-plugin:2.22.1:test (default-test) @ ci ---\n[INFO] \n[INFO] -------------------------------------------------------\n[INFO]  T E S T S\n[INFO] -------------------------------------------------------\n[INFO] Running test.ExampleTest\n[INFO] Tests run: 1, Failures: 0, Errors: 0, Skipped: 0, Time elapsed: 0.088 s - in test.ExampleTest\n[INFO] Running SuccessTest\n[INFO] Tests run: 3, Failures: 0, Errors: 0, Skipped: 0, Time elapsed: 0.025 s - in SuccessTest\n[INFO] \n[INFO] Results:\n[INFO] \n[INFO] Tests run: 4, Failures: 0, Errors: 0, Skipped: 0\n[INFO] \n[INFO] ------------------------------------------------------------------------\n[INFO] BUILD SUCCESS\n[INFO] ------------------------------------------------------------------------\n[INFO] Total time:  5.949 s\n[INFO] Finished at: 2021-02-10T17:07:40+01:00\n[INFO] ------------------------------------------------------------------------\n"}},{"buildID":6,"commitHash":"60c2925","buildDate":"2021-02-10 17:12:45","branch":"TEST_total_success","installResult":{"installSuccessfull":true,"installLogs":"[INFO] Scanning for projects...\n[INFO] \n[INFO] -----------------------------\u003c group18:ci \u003e-----------------------------\n[INFO] Building ci 1.0\n[INFO] --------------------------------[ jar ]---------------------------------\n[INFO] \n[INFO] --- maven-dependency-plugin:2.8:resolve (default-cli) @ ci ---\n[INFO] \n[INFO] The following files have been resolved:\n[INFO]    org.eclipse.jetty:jetty-io:jar:7.0.2.v20100331:compile\n[INFO]    org.eclipse.jetty:jetty-util:jar:7.0.2.v20100331:compile\n[INFO]    javax.servlet:javax.servlet-api:jar:4.0.1:provided\n[INFO]    org.junit.jupiter:junit-jupiter:jar:5.7.0:test\n[INFO]    org.junit.jupiter:junit-jupiter-engine:jar:5.7.0:test\n[INFO]    org.eclipse.jetty:jetty-http:jar:7.0.2.v20100331:compile\n[INFO]    org.eclipse.jetty:jetty-continuation:jar:7.0.2.v20100331:compile\n[INFO]    org.junit.jupiter:junit-jupiter-api:jar:5.7.0:compile\n[INFO]    javax.servlet:servlet-api:jar:2.5:compile\n[INFO]    org.eclipse.jetty:jetty-server:jar:7.0.2.v20100331:compile\n[INFO]    org.opentest4j:opentest4j:jar:1.2.0:compile\n[INFO]    org.junit.jupiter:junit-jupiter-params:jar:5.7.0:test\n[INFO]    org.junit.platform:junit-platform-commons:jar:1.7.0:compile\n[INFO]    org.apiguardian:apiguardian-api:jar:1.1.0:compile\n[INFO]    org.junit.platform:junit-platform-engine:jar:1.7.0:test\n[INFO] \n[INFO] ------------------------------------------------------------------------\n[INFO] BUILD SUCCESS\n[INFO] ------------------------------------------------------------------------\n[INFO] Total time:  4.644 s\n[INFO] Finished at: 2021-02-10T17:12:13+01:00\n[INFO] ------------------------------------------------------------------------\n"},"buildResult":{"buildSuccessfull":true,"buildLogs":"[INFO] Scanning for projects...\n[INFO] \n[INFO] -----------------------------\u003c group18:ci \u003e-----------------------------\n[INFO] Building ci 1.0\n[INFO] --------------------------------[ jar ]---------------------------------\n[INFO] \n[INFO] --- maven-resources-plugin:3.0.2:resources (default-resources) @ ci ---\n[INFO] Using \u0027UTF-8\u0027 encoding to copy filtered resources.\n[INFO] skip non existing resourceDirectory /Users/oscar/Desktop/dd2480-g18-Continuous-Integration/tmp_build/60c2925/dd2480-g18-Continuous-Integration/src/main/resources\n[INFO] \n[INFO] --- maven-compiler-plugin:3.8.0:compile (default-compile) @ ci ---\n[INFO] Changes detected - recompiling the module!\n[INFO] Compiling 1 source file to /Users/oscar/Desktop/dd2480-g18-Continuous-Integration/tmp_build/60c2925/dd2480-g18-Continuous-Integration/target/classes\n[INFO] ------------------------------------------------------------------------\n[INFO] BUILD SUCCESS\n[INFO] ------------------------------------------------------------------------\n[INFO] Total time:  6.052 s\n[INFO] Finished at: 2021-02-10T17:12:24+01:00\n[INFO] ------------------------------------------------------------------------\n"},"testResult":{"testSuccessfull":true,"testLogs":"[INFO] Scanning for projects...\n[INFO] \n[INFO] -----------------------------\u003c group18:ci \u003e-----------------------------\n[INFO] Building ci 1.0\n[INFO] --------------------------------[ jar ]---------------------------------\n[INFO] \n[INFO] --- maven-resources-plugin:3.0.2:resources (default-resources) @ ci ---\n[INFO] Using \u0027UTF-8\u0027 encoding to copy filtered resources.\n[INFO] skip non existing resourceDirectory /Users/oscar/Desktop/dd2480-g18-Continuous-Integration/tmp_build/60c2925/dd2480-g18-Continuous-Integration/src/main/resources\n[INFO] \n[INFO] --- maven-compiler-plugin:3.8.0:compile (default-compile) @ ci ---\n[INFO] Nothing to compile - all classes are up to date\n[INFO] \n[INFO] --- maven-resources-plugin:3.0.2:testResources (default-testResources) @ ci ---\n[INFO] Using \u0027UTF-8\u0027 encoding to copy filtered resources.\n[INFO] skip non existing resourceDirectory /Users/oscar/Desktop/dd2480-g18-Continuous-Integration/tmp_build/60c2925/dd2480-g18-Continuous-Integration/src/test/resources\n[INFO] \n[INFO] --- maven-compiler-plugin:3.8.0:testCompile (default-testCompile) @ ci ---\n[INFO] Changes detected - recompiling the module!\n[INFO] Compiling 2 source files to /Users/oscar/Desktop/dd2480-g18-Continuous-Integration/tmp_build/60c2925/dd2480-g18-Continuous-Integration/target/test-classes\n[INFO] \n[INFO] --- maven-surefire-plugin:2.22.1:test (default-test) @ ci ---\n[INFO] \n[INFO] -------------------------------------------------------\n[INFO]  T E S T S\n[INFO] -------------------------------------------------------\n[INFO] Running test.ExampleTest\n[INFO] Tests run: 1, Failures: 0, Errors: 0, Skipped: 0, Time elapsed: 0.067 s - in test.ExampleTest\n[INFO] Running SuccessTest\n[INFO] Tests run: 3, Failures: 0, Errors: 0, Skipped: 0, Time elapsed: 0.001 s - in SuccessTest\n[INFO] \n[INFO] Results:\n[INFO] \n[INFO] Tests run: 4, Failures: 0, Errors: 0, Skipped: 0\n[INFO] \n[INFO] ------------------------------------------------------------------------\n[INFO] BUILD SUCCESS\n[INFO] ------------------------------------------------------------------------\n[INFO] Total time:  7.034 s\n[INFO] Finished at: 2021-02-10T17:12:37+01:00\n[INFO] ------------------------------------------------------------------------\n"}},{"buildID":7,"commitHash":"fa93b9f","buildDate":"2021-02-10 17:33:50","branch":"TEST_total_success","installResult":{"installSuccessfull":true,"installLogs":"[INFO] Scanning for projects...\n[INFO] \n[INFO] -----------------------------\u003c group18:ci \u003e-----------------------------\n[INFO] Building ci 1.0\n[INFO] --------------------------------[ jar ]---------------------------------\n[INFO] \n[INFO] --- maven-dependency-plugin:2.8:resolve (default-cli) @ ci ---\n[INFO] \n[INFO] The following files have been resolved:\n[INFO]    org.eclipse.jetty:jetty-io:jar:7.0.2.v20100331:compile\n[INFO]    org.eclipse.jetty:jetty-util:jar:7.0.2.v20100331:compile\n[INFO]    javax.servlet:javax.servlet-api:jar:4.0.1:provided\n[INFO]    org.junit.jupiter:junit-jupiter:jar:5.7.0:test\n[INFO]    org.junit.jupiter:junit-jupiter-engine:jar:5.7.0:test\n[INFO]    org.eclipse.jetty:jetty-http:jar:7.0.2.v20100331:compile\n[INFO]    org.eclipse.jetty:jetty-continuation:jar:7.0.2.v20100331:compile\n[INFO]    org.junit.jupiter:junit-jupiter-api:jar:5.7.0:compile\n[INFO]    javax.servlet:servlet-api:jar:2.5:compile\n[INFO]    org.eclipse.jetty:jetty-server:jar:7.0.2.v20100331:compile\n[INFO]    org.opentest4j:opentest4j:jar:1.2.0:compile\n[INFO]    org.junit.jupiter:junit-jupiter-params:jar:5.7.0:test\n[INFO]    org.junit.platform:junit-platform-commons:jar:1.7.0:compile\n[INFO]    org.apiguardian:apiguardian-api:jar:1.1.0:compile\n[INFO]    org.junit.platform:junit-platform-engine:jar:1.7.0:test\n[INFO] \n[INFO] ------------------------------------------------------------------------\n[INFO] BUILD SUCCESS\n[INFO] ------------------------------------------------------------------------\n[INFO] Total time:  4.492 s\n[INFO] Finished at: 2021-02-10T17:33:11+01:00\n[INFO] ------------------------------------------------------------------------\n"},"buildResult":{"buildSuccessfull":true,"buildLogs":"[INFO] Scanning for projects...\n[INFO] \n[INFO] -----------------------------\u003c group18:ci \u003e-----------------------------\n[INFO] Building ci 1.0\n[INFO] --------------------------------[ jar ]---------------------------------\n[INFO] \n[INFO] --- maven-resources-plugin:3.0.2:resources (default-resources) @ ci ---\n[INFO] Using \u0027UTF-8\u0027 encoding to copy filtered resources.\n[INFO] skip non existing resourceDirectory /Users/oscar/Desktop/dd2480-g18-Continuous-Integration/tmp_build/fa93b9f/dd2480-g18-Continuous-Integration/src/main/resources\n[INFO] \n[INFO] --- maven-compiler-plugin:3.8.0:compile (default-compile) @ ci ---\n[INFO] Changes detected - recompiling the module!\n[INFO] Compiling 1 source file to /Users/oscar/Desktop/dd2480-g18-Continuous-Integration/tmp_build/fa93b9f/dd2480-g18-Continuous-Integration/target/classes\n[INFO] ------------------------------------------------------------------------\n[INFO] BUILD SUCCESS\n[INFO] ------------------------------------------------------------------------\n[INFO] Total time:  10.156 s\n[INFO] Finished at: 2021-02-10T17:33:26+01:00\n[INFO] ------------------------------------------------------------------------\n"},"testResult":{"testSuccessfull":true,"testLogs":"[INFO] Scanning for projects...\n[INFO] \n[INFO] -----------------------------\u003c group18:ci \u003e-----------------------------\n[INFO] Building ci 1.0\n[INFO] --------------------------------[ jar ]---------------------------------\n[INFO] \n[INFO] --- maven-resources-plugin:3.0.2:resources (default-resources) @ ci ---\n[INFO] Using \u0027UTF-8\u0027 encoding to copy filtered resources.\n[INFO] skip non existing resourceDirectory /Users/oscar/Desktop/dd2480-g18-Continuous-Integration/tmp_build/fa93b9f/dd2480-g18-Continuous-Integration/src/main/resources\n[INFO] \n[INFO] --- maven-compiler-plugin:3.8.0:compile (default-compile) @ ci ---\n[INFO] Nothing to compile - all classes are up to date\n[INFO] \n[INFO] --- maven-resources-plugin:3.0.2:testResources (default-testResources) @ ci ---\n[INFO] Using \u0027UTF-8\u0027 encoding to copy filtered resources.\n[INFO] skip non existing resourceDirectory /Users/oscar/Desktop/dd2480-g18-Continuous-Integration/tmp_build/fa93b9f/dd2480-g18-Continuous-Integration/src/test/resources\n[INFO] \n[INFO] --- maven-compiler-plugin:3.8.0:testCompile (default-testCompile) @ ci ---\n[INFO] Changes detected - recompiling the module!\n[INFO] Compiling 2 source files to /Users/oscar/Desktop/dd2480-g18-Continuous-Integration/tmp_build/fa93b9f/dd2480-g18-Continuous-Integration/target/test-classes\n[INFO] \n[INFO] --- maven-surefire-plugin:2.22.1:test (default-test) @ ci ---\n[INFO] \n[INFO] -------------------------------------------------------\n[INFO]  T E S T S\n[INFO] -------------------------------------------------------\n[INFO] Running test.ExampleTest\n[INFO] Tests run: 1, Failures: 0, Errors: 0, Skipped: 0, Time elapsed: 0.114 s - in test.ExampleTest\n[INFO] Running SuccessTest\n[INFO] Tests run: 3, Failures: 0, Errors: 0, Skipped: 0, Time elapsed: 0.001 s - in SuccessTest\n[INFO] \n[INFO] Results:\n[INFO] \n[INFO] Tests run: 4, Failures: 0, Errors: 0, Skipped: 0\n[INFO] \n[INFO] ------------------------------------------------------------------------\n[INFO] BUILD SUCCESS\n[INFO] ------------------------------------------------------------------------\n[INFO] Total time:  11.534 s\n[INFO] Finished at: 2021-02-10T17:33:42+01:00\n[INFO] ------------------------------------------------------------------------\n"}},{"buildID":8,"commitHash":"c6efb72","buildDate":"2021-02-10 17:42:24","branch":"TEST_total_success","installResult":{"installSuccessfull":true,"installLogs":"[INFO] Scanning for projects...\n[INFO] \n[INFO] -----------------------------\u003c group18:ci \u003e-----------------------------\n[INFO] Building ci 1.0\n[INFO] --------------------------------[ jar ]---------------------------------\n[INFO] \n[INFO] --- maven-dependency-plugin:2.8:resolve (default-cli) @ ci ---\n[INFO] \n[INFO] The following files have been resolved:\n[INFO]    org.eclipse.jetty:jetty-io:jar:7.0.2.v20100331:compile\n[INFO]    org.eclipse.jetty:jetty-util:jar:7.0.2.v20100331:compile\n[INFO]    javax.servlet:javax.servlet-api:jar:4.0.1:provided\n[INFO]    org.junit.jupiter:junit-jupiter:jar:5.7.0:test\n[INFO]    org.junit.jupiter:junit-jupiter-engine:jar:5.7.0:test\n[INFO]    org.eclipse.jetty:jetty-http:jar:7.0.2.v20100331:compile\n[INFO]    org.eclipse.jetty:jetty-continuation:jar:7.0.2.v20100331:compile\n[INFO]    org.junit.jupiter:junit-jupiter-api:jar:5.7.0:compile\n[INFO]    javax.servlet:servlet-api:jar:2.5:compile\n[INFO]    org.eclipse.jetty:jetty-server:jar:7.0.2.v20100331:compile\n[INFO]    org.opentest4j:opentest4j:jar:1.2.0:compile\n[INFO]    org.junit.jupiter:junit-jupiter-params:jar:5.7.0:test\n[INFO]    org.junit.platform:junit-platform-commons:jar:1.7.0:compile\n[INFO]    org.apiguardian:apiguardian-api:jar:1.1.0:compile\n[INFO]    org.junit.platform:junit-platform-engine:jar:1.7.0:test\n[INFO] \n[INFO] ------------------------------------------------------------------------\n[INFO] BUILD SUCCESS\n[INFO] ------------------------------------------------------------------------\n[INFO] Total time:  3.856 s\n[INFO] Finished at: 2021-02-10T17:41:57+01:00\n[INFO] ------------------------------------------------------------------------\n"},"buildResult":{"buildSuccessfull":true,"buildLogs":"[INFO] Scanning for projects...\n[INFO] \n[INFO] -----------------------------\u003c group18:ci \u003e-----------------------------\n[INFO] Building ci 1.0\n[INFO] --------------------------------[ jar ]---------------------------------\n[INFO] \n[INFO] --- maven-resources-plugin:3.0.2:resources (default-resources) @ ci ---\n[INFO] Using \u0027UTF-8\u0027 encoding to copy filtered resources.\n[INFO] skip non existing resourceDirectory /Users/oscar/Desktop/dd2480-g18-Continuous-Integration/tmp_build/c6efb72/dd2480-g18-Continuous-Integration/src/main/resources\n[INFO] \n[INFO] --- maven-compiler-plugin:3.8.0:compile (default-compile) @ ci ---\n[INFO] Changes detected - recompiling the module!\n[INFO] Compiling 1 source file to /Users/oscar/Desktop/dd2480-g18-Continuous-Integration/tmp_build/c6efb72/dd2480-g18-Continuous-Integration/target/classes\n[INFO] ------------------------------------------------------------------------\n[INFO] BUILD SUCCESS\n[INFO] ------------------------------------------------------------------------\n[INFO] Total time:  5.905 s\n[INFO] Finished at: 2021-02-10T17:42:07+01:00\n[INFO] ------------------------------------------------------------------------\n"},"testResult":{"testSuccessfull":true,"testLogs":"[INFO] Scanning for projects...\n[INFO] \n[INFO] -----------------------------\u003c group18:ci \u003e-----------------------------\n[INFO] Building ci 1.0\n[INFO] --------------------------------[ jar ]---------------------------------\n[INFO] \n[INFO] --- maven-resources-plugin:3.0.2:resources (default-resources) @ ci ---\n[INFO] Using \u0027UTF-8\u0027 encoding to copy filtered resources.\n[INFO] skip non existing resourceDirectory /Users/oscar/Desktop/dd2480-g18-Continuous-Integration/tmp_build/c6efb72/dd2480-g18-Continuous-Integration/src/main/resources\n[INFO] \n[INFO] --- maven-compiler-plugin:3.8.0:compile (default-compile) @ ci ---\n[INFO] Nothing to compile - all classes are up to date\n[INFO] \n[INFO] --- maven-resources-plugin:3.0.2:testResources (default-testResources) @ ci ---\n[INFO] Using \u0027UTF-8\u0027 encoding to copy filtered resources.\n[INFO] skip non existing resourceDirectory /Users/oscar/Desktop/dd2480-g18-Continuous-Integration/tmp_build/c6efb72/dd2480-g18-Continuous-Integration/src/test/resources\n[INFO] \n[INFO] --- maven-compiler-plugin:3.8.0:testCompile (default-testCompile) @ ci ---\n[INFO] Changes detected - recompiling the module!\n[INFO] Compiling 2 source files to /Users/oscar/Desktop/dd2480-g18-Continuous-Integration/tmp_build/c6efb72/dd2480-g18-Continuous-Integration/target/test-classes\n[INFO] \n[INFO] --- maven-surefire-plugin:2.22.1:test (default-test) @ ci ---\n[INFO] \n[INFO] -------------------------------------------------------\n[INFO]  T E S T S\n[INFO] -------------------------------------------------------\n[INFO] Running test.ExampleTest\n[INFO] Tests run: 1, Failures: 0, Errors: 0, Skipped: 0, Time elapsed: 0.087 s - in test.ExampleTest\n[INFO] Running SuccessTest\n[INFO] Tests run: 3, Failures: 0, Errors: 0, Skipped: 0, Time elapsed: 0 s - in SuccessTest\n[INFO] \n[INFO] Results:\n[INFO] \n[INFO] Tests run: 4, Failures: 0, Errors: 0, Skipped: 0\n[INFO] \n[INFO] ------------------------------------------------------------------------\n[INFO] BUILD SUCCESS\n[INFO] ------------------------------------------------------------------------\n[INFO] Total time:  7.297 s\n[INFO] Finished at: 2021-02-10T17:42:17+01:00\n[INFO] ------------------------------------------------------------------------\n"}},{"buildID":9,"commitHash":"3251cf9","buildDate":"2021-02-10 18:00:11","branch":"TEST_total_success","installResult":{"installSuccessfull":true,"installLogs":"[INFO] Scanning for projects...\n[INFO] \n[INFO] -----------------------------\u003c group18:ci \u003e-----------------------------\n[INFO] Building ci 1.0\n[INFO] --------------------------------[ jar ]---------------------------------\n[INFO] \n[INFO] --- maven-dependency-plugin:2.8:resolve (default-cli) @ ci ---\n[INFO] \n[INFO] The following files have been resolved:\n[INFO]    org.eclipse.jetty:jetty-io:jar:7.0.2.v20100331:compile\n[INFO]    org.eclipse.jetty:jetty-util:jar:7.0.2.v20100331:compile\n[INFO]    javax.servlet:javax.servlet-api:jar:4.0.1:provided\n[INFO]    org.junit.jupiter:junit-jupiter:jar:5.7.0:test\n[INFO]    org.junit.jupiter:junit-jupiter-engine:jar:5.7.0:test\n[INFO]    org.eclipse.jetty:jetty-http:jar:7.0.2.v20100331:compile\n[INFO]    org.eclipse.jetty:jetty-continuation:jar:7.0.2.v20100331:compile\n[INFO]    org.junit.jupiter:junit-jupiter-api:jar:5.7.0:compile\n[INFO]    javax.servlet:servlet-api:jar:2.5:compile\n[INFO]    org.eclipse.jetty:jetty-server:jar:7.0.2.v20100331:compile\n[INFO]    org.opentest4j:opentest4j:jar:1.2.0:compile\n[INFO]    org.junit.jupiter:junit-jupiter-params:jar:5.7.0:test\n[INFO]    org.junit.platform:junit-platform-commons:jar:1.7.0:compile\n[INFO]    org.apiguardian:apiguardian-api:jar:1.1.0:compile\n[INFO]    org.junit.platform:junit-platform-engine:jar:1.7.0:test\n[INFO] \n[INFO] ------------------------------------------------------------------------\n[INFO] BUILD SUCCESS\n[INFO] ------------------------------------------------------------------------\n[INFO] Total time:  6.701 s\n[INFO] Finished at: 2021-02-10T17:59:47+01:00\n[INFO] ------------------------------------------------------------------------\n"},"buildResult":{"buildSuccessfull":true,"buildLogs":"[INFO] Scanning for projects...\n[INFO] \n[INFO] -----------------------------\u003c group18:ci \u003e-----------------------------\n[INFO] Building ci 1.0\n[INFO] --------------------------------[ jar ]---------------------------------\n[INFO] \n[INFO] --- maven-resources-plugin:3.0.2:resources (default-resources) @ ci ---\n[INFO] Using \u0027UTF-8\u0027 encoding to copy filtered resources.\n[INFO] skip non existing resourceDirectory /Users/oscar/Desktop/dd2480-g18-Continuous-Integration/tmp_build/3251cf9/dd2480-g18-Continuous-Integration/src/main/resources\n[INFO] \n[INFO] --- maven-compiler-plugin:3.8.0:compile (default-compile) @ ci ---\n[INFO] Changes detected - recompiling the module!\n[INFO] Compiling 1 source file to /Users/oscar/Desktop/dd2480-g18-Continuous-Integration/tmp_build/3251cf9/dd2480-g18-Continuous-Integration/target/classes\n[INFO] ------------------------------------------------------------------------\n[INFO] BUILD SUCCESS\n[INFO] ------------------------------------------------------------------------\n[INFO] Total time:  3.675 s\n[INFO] Finished at: 2021-02-10T17:59:54+01:00\n[INFO] ------------------------------------------------------------------------\n"},"testResult":{"testSuccessfull":true,"testLogs":"[INFO] Scanning for projects...\n[INFO] \n[INFO] -----------------------------\u003c group18:ci \u003e-----------------------------\n[INFO] Building ci 1.0\n[INFO] --------------------------------[ jar ]---------------------------------\n[INFO] \n[INFO] --- maven-resources-plugin:3.0.2:resources (default-resources) @ ci ---\n[INFO] Using \u0027UTF-8\u0027 encoding to copy filtered resources.\n[INFO] skip non existing resourceDirectory /Users/oscar/Desktop/dd2480-g18-Continuous-Integration/tmp_build/3251cf9/dd2480-g18-Continuous-Integration/src/main/resources\n[INFO] \n[INFO] --- maven-compiler-plugin:3.8.0:compile (default-compile) @ ci ---\n[INFO] Nothing to compile - all classes are up to date\n[INFO] \n[INFO] --- maven-resources-plugin:3.0.2:testResources (default-testResources) @ ci ---\n[INFO] Using \u0027UTF-8\u0027 encoding to copy filtered resources.\n[INFO] skip non existing resourceDirectory /Users/oscar/Desktop/dd2480-g18-Continuous-Integration/tmp_build/3251cf9/dd2480-g18-Continuous-Integration/src/test/resources\n[INFO] \n[INFO] --- maven-compiler-plugin:3.8.0:testCompile (default-testCompile) @ ci ---\n[INFO] Changes detected - recompiling the module!\n[INFO] Compiling 2 source files to /Users/oscar/Desktop/dd2480-g18-Continuous-Integration/tmp_build/3251cf9/dd2480-g18-Continuous-Integration/target/test-classes\n[INFO] \n[INFO] --- maven-surefire-plugin:2.22.1:test (default-test) @ ci ---\n[INFO] \n[INFO] -------------------------------------------------------\n[INFO]  T E S T S\n[INFO] -------------------------------------------------------\n[INFO] Running test.ExampleTest\n[INFO] Tests run: 1, Failures: 0, Errors: 0, Skipped: 0, Time elapsed: 0.08 s - in test.ExampleTest\n[INFO] Running SuccessTest\n[INFO] Tests run: 3, Failures: 0, Errors: 0, Skipped: 0, Time elapsed: 0.001 s - in SuccessTest\n[INFO] \n[INFO] Results:\n[INFO] \n[INFO] Tests run: 4, Failures: 0, Errors: 0, Skipped: 0\n[INFO] \n[INFO] ------------------------------------------------------------------------\n[INFO] BUILD SUCCESS\n[INFO] ------------------------------------------------------------------------\n[INFO] Total time:  7.836 s\n[INFO] Finished at: 2021-02-10T18:00:06+01:00\n[INFO] ------------------------------------------------------------------------\n"}},{"buildID":10,"commitHash":"135ea32","buildDate":"2021-02-10 18:08:57","branch":"all-#34-integrate_parts-feat","installResult":{"installSuccessfull":true,"installLogs":"[INFO] Scanning for projects...\n[INFO] \n[INFO] -----------------------------\u003c group18:ci \u003e-----------------------------\n[INFO] Building ci 1.0\n[INFO] --------------------------------[ jar ]---------------------------------\n[INFO] \n[INFO] --- maven-dependency-plugin:2.8:resolve (default-cli) @ ci ---\n[INFO] \n[INFO] The following files have been resolved:\n[INFO]    org.eclipse.jetty:jetty-io:jar:7.0.2.v20100331:compile\n[INFO]    org.eclipse.jetty:jetty-util:jar:7.0.2.v20100331:compile\n[INFO]    javax.servlet:javax.servlet-api:jar:4.0.1:provided\n[INFO]    org.junit.jupiter:junit-jupiter:jar:5.7.0:test\n[INFO]    org.junit.jupiter:junit-jupiter-engine:jar:5.7.0:test\n[INFO]    org.eclipse.jetty:jetty-http:jar:7.0.2.v20100331:compile\n[INFO]    org.eclipse.jetty:jetty-continuation:jar:7.0.2.v20100331:compile\n[INFO]    com.google.code.gson:gson:jar:2.8.5:compile\n[INFO]    org.junit.jupiter:junit-jupiter-api:jar:5.7.0:compile\n[INFO]    javax.servlet:servlet-api:jar:2.5:compile\n[INFO]    org.eclipse.mylyn.github:org.eclipse.egit.github.core:jar:2.1.5:compile\n[INFO]    org.eclipse.jetty:jetty-server:jar:7.0.2.v20100331:compile\n[INFO]    org.opentest4j:opentest4j:jar:1.2.0:compile\n[INFO]    org.junit.jupiter:junit-jupiter-params:jar:5.7.0:test\n[INFO]    org.junit.platform:junit-platform-commons:jar:1.7.0:compile\n[INFO]    org.apiguardian:apiguardian-api:jar:1.1.0:compile\n[INFO]    org.junit.platform:junit-platform-engine:jar:1.7.0:test\n[INFO] \n[INFO] ------------------------------------------------------------------------\n[INFO] BUILD SUCCESS\n[INFO] ------------------------------------------------------------------------\n[INFO] Total time:  3.094 s\n[INFO] Finished at: 2021-02-10T18:05:57+01:00\n[INFO] ------------------------------------------------------------------------\n"},"buildResult":{"buildSuccessfull":true,"buildLogs":"[INFO] Scanning for projects...\n[INFO] \n[INFO] -----------------------------\u003c group18:ci \u003e-----------------------------\n[INFO] Building ci 1.0\n[INFO] --------------------------------[ jar ]---------------------------------\n[INFO] \n[INFO] --- maven-resources-plugin:3.0.2:resources (default-resources) @ ci ---\n[INFO] Using \u0027UTF-8\u0027 encoding to copy filtered resources.\n[INFO] Copying 1 resource\n[INFO] \n[INFO] --- maven-compiler-plugin:3.8.0:compile (default-compile) @ ci ---\n[INFO] Changes detected - recompiling the module!\n[INFO] Compiling 6 source files to /Users/oscar/Desktop/dd2480-g18-Continuous-Integration/tmp_build/135ea32/dd2480-g18-Continuous-Integration/target/classes\n[INFO] ------------------------------------------------------------------------\n[INFO] BUILD SUCCESS\n[INFO] ------------------------------------------------------------------------\n[INFO] Total time:  7.723 s\n[INFO] Finished at: 2021-02-10T18:06:10+01:00\n[INFO] ------------------------------------------------------------------------\n"},"testResult":{"testSuccessfull":false,"testLogs":"[INFO] Scanning for projects...\n[INFO] \n[INFO] -----------------------------\u003c group18:ci \u003e-----------------------------\n[INFO] Building ci 1.0\n[INFO] --------------------------------[ jar ]---------------------------------\n[INFO] \n[INFO] --- maven-resources-plugin:3.0.2:resources (default-resources) @ ci ---\n[INFO] Using \u0027UTF-8\u0027 encoding to copy filtered resources.\n[INFO] Copying 1 resource\n[INFO] \n[INFO] --- maven-compiler-plugin:3.8.0:compile (default-compile) @ ci ---\n[INFO] Nothing to compile - all classes are up to date\n[INFO] \n[INFO] --- maven-resources-plugin:3.0.2:testResources (default-testResources) @ ci ---\n[INFO] Using \u0027UTF-8\u0027 encoding to copy filtered resources.\n[INFO] Copying 4 resources\n[INFO] \n[INFO] --- maven-compiler-plugin:3.8.0:testCompile (default-testCompile) @ ci ---\n[INFO] Changes detected - recompiling the module!\n[INFO] Compiling 4 source files to /Users/oscar/Desktop/dd2480-g18-Continuous-Integration/tmp_build/135ea32/dd2480-g18-Continuous-Integration/target/test-classes\n[INFO] \n[INFO] --- maven-surefire-plugin:2.22.1:test (default-test) @ ci ---\n[INFO] \n[INFO] -------------------------------------------------------\n[INFO]  T E S T S\n[INFO] -------------------------------------------------------\n[INFO] Running ExampleTest\n[INFO] Tests run: 1, Failures: 0, Errors: 0, Skipped: 0, Time elapsed: 0.173 s - in ExampleTest\n[INFO] Running jsonHandlerTest\n[INFO] Tests run: 6, Failures: 0, Errors: 0, Skipped: 0, Time elapsed: 0.254 s - in jsonHandlerTest\n[INFO] Running RequestHandlerTest\n[ERROR] Tests run: 1, Failures: 0, Errors: 1, Skipped: 0, Time elapsed: 20.017 s \u003c\u003c\u003c FAILURE! - in RequestHandlerTest\n[ERROR] testFailSucceed  Time elapsed: 20.017 s  \u003c\u003c\u003c ERROR!\njava.lang.NullPointerException: Cannot invoke \"BuildHistory.getNextBuildID()\" because \"ContinuousIntegrationServer.db\" is null\n\tat RequestHandlerTest.testFailSucceed(RequestHandlerTest.java:40)\n\n[INFO] Running IntegratorTest\n[INFO] Tests run: 3, Failures: 0, Errors: 0, Skipped: 0, Time elapsed: 121.69 s - in IntegratorTest\n[INFO] \n[INFO] Results:\n[INFO] \n[ERROR] Errors: \n[ERROR]   RequestHandlerTest.testFailSucceed:40 Â» NullPointer Cannot invoke \"BuildHistor...\n[INFO] \n[ERROR] Tests run: 11, Failures: 0, Errors: 1, Skipped: 0\n[INFO] \n[INFO] ------------------------------------------------------------------------\n[INFO] BUILD FAILURE\n[INFO] ------------------------------------------------------------------------\n[INFO] Total time:  02:34 min\n[INFO] Finished at: 2021-02-10T18:08:52+01:00\n[INFO] ------------------------------------------------------------------------\n[ERROR] Failed to execute goal org.apache.maven.plugins:maven-surefire-plugin:2.22.1:test (default-test) on project ci: There are test failures.\n[ERROR] \n[ERROR] Please refer to /Users/oscar/Desktop/dd2480-g18-Continuous-Integration/tmp_build/135ea32/dd2480-g18-Continuous-Integration/target/surefire-reports for the individual test results.\n[ERROR] Please refer to dump files (if any exist) [date].dump, [date]-jvmRun[N].dump and [date].dumpstream.\n[ERROR] -\u003e [Help 1]\n[ERROR] \n[ERROR] To see the full stack trace of the errors, re-run Maven with the -e switch.\n[ERROR] Re-run Maven using the -X switch to enable full debug logging.\n[ERROR] \n[ERROR] For more information about the errors and possible solutions, please read the following articles:\n[ERROR] [Help 1] http://cwiki.apache.org/confluence/display/MAVEN/MojoFailureException\n"}},{"buildID":11,"commitHash":"8303b0c","buildDate":"2021-02-10 18:13:11","branch":"david-#39-README-fix","installResult":{"installSuccessfull":true,"installLogs":"[INFO] Scanning for projects...\n[INFO] \n[INFO] -----------------------------\u003c group18:ci \u003e-----------------------------\n[INFO] Building ci 1.0\n[INFO] --------------------------------[ jar ]---------------------------------\n[INFO] \n[INFO] --- maven-dependency-plugin:2.8:resolve (default-cli) @ ci ---\n[INFO] \n[INFO] The following files have been resolved:\n[INFO]    org.eclipse.jetty:jetty-io:jar:7.0.2.v20100331:compile\n[INFO]    org.eclipse.jetty:jetty-util:jar:7.0.2.v20100331:compile\n[INFO]    javax.servlet:javax.servlet-api:jar:4.0.1:provided\n[INFO]    org.junit.jupiter:junit-jupiter:jar:5.7.0:test\n[INFO]    org.junit.jupiter:junit-jupiter-engine:jar:5.7.0:test\n[INFO]    org.eclipse.jetty:jetty-http:jar:7.0.2.v20100331:compile\n[INFO]    org.eclipse.jetty:jetty-continuation:jar:7.0.2.v20100331:compile\n[INFO]    com.google.code.gson:gson:jar:2.8.5:compile\n[INFO]    org.junit.jupiter:junit-jupiter-api:jar:5.7.0:compile\n[INFO]    javax.servlet:servlet-api:jar:2.5:compile\n[INFO]    org.eclipse.mylyn.github:org.eclipse.egit.github.core:jar:2.1.5:compile\n[INFO]    org.eclipse.jetty:jetty-server:jar:7.0.2.v20100331:compile\n[INFO]    org.opentest4j:opentest4j:jar:1.2.0:compile\n[INFO]    org.junit.jupiter:junit-jupiter-params:jar:5.7.0:test\n[INFO]    org.junit.platform:junit-platform-commons:jar:1.7.0:compile\n[INFO]    org.apiguardian:apiguardian-api:jar:1.1.0:compile\n[INFO]    org.junit.platform:junit-platform-engine:jar:1.7.0:test\n[INFO] \n[INFO] ------------------------------------------------------------------------\n[INFO] BUILD SUCCESS\n[INFO] ------------------------------------------------------------------------\n[INFO] Total time:  3.812 s\n[INFO] Finished at: 2021-02-10T18:10:40+01:00\n[INFO] ------------------------------------------------------------------------\n"},"buildResult":{"buildSuccessfull":true,"buildLogs":"[INFO] Scanning for projects...\n[INFO] \n[INFO] -----------------------------\u003c group18:ci \u003e-----------------------------\n[INFO] Building ci 1.0\n[INFO] --------------------------------[ jar ]---------------------------------\n[INFO] \n[INFO] --- maven-resources-plugin:3.0.2:resources (default-resources) @ ci ---\n[INFO] Using \u0027UTF-8\u0027 encoding to copy filtered resources.\n[INFO] Copying 1 resource\n[INFO] \n[INFO] --- maven-compiler-plugin:3.8.0:compile (default-compile) @ ci ---\n[INFO] Changes detected - recompiling the module!\n[INFO] Compiling 6 source files to /Users/oscar/Desktop/dd2480-g18-Continuous-Integration/tmp_build/8303b0c/dd2480-g18-Continuous-Integration/target/classes\n[INFO] ------------------------------------------------------------------------\n[INFO] BUILD SUCCESS\n[INFO] ------------------------------------------------------------------------\n[INFO] Total time:  4.514 s\n[INFO] Finished at: 2021-02-10T18:10:48+01:00\n[INFO] ------------------------------------------------------------------------\n"},"testResult":{"testSuccessfull":true,"testLogs":"[INFO] Scanning for projects...\n[INFO] \n[INFO] -----------------------------\u003c group18:ci \u003e-----------------------------\n[INFO] Building ci 1.0\n[INFO] --------------------------------[ jar ]---------------------------------\n[INFO] \n[INFO] --- maven-resources-plugin:3.0.2:resources (default-resources) @ ci ---\n[INFO] Using \u0027UTF-8\u0027 encoding to copy filtered resources.\n[INFO] Copying 1 resource\n[INFO] \n[INFO] --- maven-compiler-plugin:3.8.0:compile (default-compile) @ ci ---\n[INFO] Nothing to compile - all classes are up to date\n[INFO] \n[INFO] --- maven-resources-plugin:3.0.2:testResources (default-testResources) @ ci ---\n[INFO] Using \u0027UTF-8\u0027 encoding to copy filtered resources.\n[INFO] Copying 4 resources\n[INFO] \n[INFO] --- maven-compiler-plugin:3.8.0:testCompile (default-testCompile) @ ci ---\n[INFO] Changes detected - recompiling the module!\n[INFO] Compiling 4 source files to /Users/oscar/Desktop/dd2480-g18-Continuous-Integration/tmp_build/8303b0c/dd2480-g18-Continuous-Integration/target/test-classes\n[INFO] \n[INFO] --- maven-surefire-plugin:2.22.1:test (default-test) @ ci ---\n[INFO] \n[INFO] -------------------------------------------------------\n[INFO]  T E S T S\n[INFO] -------------------------------------------------------\n[INFO] Running ExampleTest\n[INFO] Tests run: 1, Failures: 0, Errors: 0, Skipped: 0, Time elapsed: 0.054 s - in ExampleTest\n[INFO] Running jsonHandlerTest\n[INFO] Tests run: 6, Failures: 0, Errors: 0, Skipped: 0, Time elapsed: 0.176 s - in jsonHandlerTest\n[INFO] Running RequestHandlerTest\n[INFO] Tests run: 1, Failures: 0, Errors: 0, Skipped: 0, Time elapsed: 3.963 s - in RequestHandlerTest\n[INFO] Running IntegratorTest\n[INFO] Tests run: 3, Failures: 0, Errors: 0, Skipped: 0, Time elapsed: 118.762 s - in IntegratorTest\n[INFO] \n[INFO] Results:\n[INFO] \n[INFO] Tests run: 11, Failures: 0, Errors: 0, Skipped: 0\n[INFO] \n[INFO] ------------------------------------------------------------------------\n[INFO] BUILD SUCCESS\n[INFO] ------------------------------------------------------------------------\n[INFO] Total time:  02:14 min\n[INFO] Finished at: 2021-02-10T18:13:07+01:00\n[INFO] ------------------------------------------------------------------------\n"}},{"buildID":12,"commitHash":"06e59ee","buildDate":"2021-02-10 18:33:56","branch":"main","installResult":{"installSuccessfull":true,"installLogs":"[INFO] Scanning for projects...\n[INFO] \n[INFO] -----------------------------\u003c group18:ci \u003e-----------------------------\n[INFO] Building ci 1.0\n[INFO] --------------------------------[ jar ]---------------------------------\n[INFO] \n[INFO] --- maven-dependency-plugin:2.8:resolve (default-cli) @ ci ---\n[INFO] \n[INFO] The following files have been resolved:\n[INFO]    org.eclipse.jetty:jetty-io:jar:7.0.2.v20100331:compile\n[INFO]    org.eclipse.jetty:jetty-util:jar:7.0.2.v20100331:compile\n[INFO]    javax.servlet:javax.servlet-api:jar:4.0.1:provided\n[INFO]    org.junit.jupiter:junit-jupiter:jar:5.7.0:test\n[INFO]    org.junit.jupiter:junit-jupiter-engine:jar:5.7.0:test\n[INFO]    org.eclipse.jetty:jetty-http:jar:7.0.2.v20100331:compile\n[INFO]    org.eclipse.jetty:jetty-continuation:jar:7.0.2.v20100331:compile\n[INFO]    com.google.code.gson:gson:jar:2.8.5:compile\n[INFO]    org.junit.jupiter:junit-jupiter-api:jar:5.7.0:compile\n[INFO]    javax.servlet:servlet-api:jar:2.5:compile\n[INFO]    org.eclipse.mylyn.github:org.eclipse.egit.github.core:jar:2.1.5:compile\n[INFO]    org.eclipse.jetty:jetty-server:jar:7.0.2.v20100331:compile\n[INFO]    org.opentest4j:opentest4j:jar:1.2.0:compile\n[INFO]    org.junit.jupiter:junit-jupiter-params:jar:5.7.0:test\n[INFO]    org.junit.platform:junit-platform-commons:jar:1.7.0:compile\n[INFO]    org.apiguardian:apiguardian-api:jar:1.1.0:compile\n[INFO]    org.junit.platform:junit-platform-engine:jar:1.7.0:test\n[INFO] \n[INFO] ------------------------------------------------------------------------\n[INFO] BUILD SUCCESS\n[INFO] ------------------------------------------------------------------------\n[INFO] Total time:  4.656 s\n[INFO] Finished at: 2021-02-10T18:32:05+01:00\n[INFO] ------------------------------------------------------------------------\n"},"buildResult":{"buildSuccessfull":true,"buildLogs":"[INFO] Scanning for projects...\n[INFO] \n[INFO] -----------------------------\u003c group18:ci \u003e-----------------------------\n[INFO] Building ci 1.0\n[INFO] --------------------------------[ jar ]---------------------------------\n[INFO] \n[INFO] --- maven-resources-plugin:3.0.2:resources (default-resources) @ ci ---\n[INFO] Using \u0027UTF-8\u0027 encoding to copy filtered resources.\n[INFO] Copying 1 resource\n[INFO] \n[INFO] --- maven-compiler-plugin:3.8.0:compile (default-compile) @ ci ---\n[INFO] Changes detected - recompiling the module!\n[INFO] Compiling 6 source files to /Users/oscar/Desktop/dd2480-g18-Continuous-Integration/tmp_build/06e59ee/dd2480-g18-Continuous-Integration/target/classes\n[INFO] ------------------------------------------------------------------------\n[INFO] BUILD SUCCESS\n[INFO] ------------------------------------------------------------------------\n[INFO] Total time:  5.451 s\n[INFO] Finished at: 2021-02-10T18:32:14+01:00\n[INFO] ------------------------------------------------------------------------\n"},"testResult":{"testSuccessfull":true,"testLogs":"[INFO] Scanning for projects...\n[INFO] \n[INFO] -----------------------------\u003c group18:ci \u003e-----------------------------\n[INFO] Building ci 1.0\n[INFO] --------------------------------[ jar ]---------------------------------\n[INFO] \n[INFO] --- maven-resources-plugin:3.0.2:resources (default-resources) @ ci ---\n[INFO] Using \u0027UTF-8\u0027 encoding to copy filtered resources.\n[INFO] Copying 1 resource\n[INFO] \n[INFO] --- maven-compiler-plugin:3.8.0:compile (default-compile) @ ci ---\n[INFO] Nothing to compile - all classes are up to date\n[INFO] \n[INFO] --- maven-resources-plugin:3.0.2:testResources (default-testResources) @ ci ---\n[INFO] Using \u0027UTF-8\u0027 encoding to copy filtered resources.\n[INFO] Copying 4 resources\n[INFO] \n[INFO] --- maven-compiler-plugin:3.8.0:testCompile (default-testCompile) @ ci ---\n[INFO] Changes detected - recompiling the module!\n[INFO] Compiling 4 source files to /Users/oscar/Desktop/dd2480-g18-Continuous-Integration/tmp_build/06e59ee/dd2480-g18-Continuous-Integration/target/test-classes\n[INFO] \n[INFO] --- maven-surefire-plugin:2.22.1:test (default-test) @ ci ---\n[INFO] \n[INFO] -------------------------------------------------------\n[INFO]  T E S T S\n[INFO] -------------------------------------------------------\n[INFO] Running ExampleTest\n[INFO] Tests run: 1, Failures: 0, Errors: 0, Skipped: 0, Time elapsed: 0.187 s - in ExampleTest\n[INFO] Running jsonHandlerTest\n[INFO] Tests run: 6, Failures: 0, Errors: 0, Skipped: 0, Time elapsed: 0.496 s - in jsonHandlerTest\n[INFO] Running RequestHandlerTest\n[INFO] Tests run: 1, Failures: 0, Errors: 0, Skipped: 0, Time elapsed: 3.967 s - in RequestHandlerTest\n[INFO] Running IntegratorTest\n[INFO] Tests run: 3, Failures: 0, Errors: 0, Skipped: 0, Time elapsed: 83.004 s - in IntegratorTest\n[INFO] \n[INFO] Results:\n[INFO] \n[INFO] Tests run: 11, Failures: 0, Errors: 0, Skipped: 0\n[INFO] \n[INFO] ------------------------------------------------------------------------\n[INFO] BUILD SUCCESS\n[INFO] ------------------------------------------------------------------------\n[INFO] Total time:  01:33 min\n[INFO] Finished at: 2021-02-10T18:33:51+01:00\n[INFO] ------------------------------------------------------------------------\n"}},{"buildID":13,"commitHash":"117f7fb","buildDate":"2021-02-10 19:18:35","branch":"TEST_total_success","installResult":{"installSuccessfull":true,"installLogs":"[INFO] Scanning for projects...\n[INFO] \n[INFO] -----------------------------\u003c group18:ci \u003e-----------------------------\n[INFO] Building ci 1.0\n[INFO] --------------------------------[ jar ]---------------------------------\n[INFO] \n[INFO] --- maven-dependency-plugin:2.8:resolve (default-cli) @ ci ---\n[INFO] \n[INFO] The following files have been resolved:\n[INFO]    org.eclipse.jetty:jetty-io:jar:7.0.2.v20100331:compile\n[INFO]    org.eclipse.jetty:jetty-util:jar:7.0.2.v20100331:compile\n[INFO]    javax.servlet:javax.servlet-api:jar:4.0.1:provided\n[INFO]    org.junit.jupiter:junit-jupiter:jar:5.7.0:test\n[INFO]    org.junit.jupiter:junit-jupiter-engine:jar:5.7.0:test\n[INFO]    org.eclipse.jetty:jetty-http:jar:7.0.2.v20100331:compile\n[INFO]    org.eclipse.jetty:jetty-continuation:jar:7.0.2.v20100331:compile\n[INFO]    org.junit.jupiter:junit-jupiter-api:jar:5.7.0:compile\n[INFO]    javax.servlet:servlet-api:jar:2.5:compile\n[INFO]    org.eclipse.jetty:jetty-server:jar:7.0.2.v20100331:compile\n[INFO]    org.opentest4j:opentest4j:jar:1.2.0:compile\n[INFO]    org.junit.jupiter:junit-jupiter-params:jar:5.7.0:test\n[INFO]    org.junit.platform:junit-platform-commons:jar:1.7.0:compile\n[INFO]    org.apiguardian:apiguardian-api:jar:1.1.0:compile\n[INFO]    org.junit.platform:junit-platform-engine:jar:1.7.0:test\n[INFO] \n[INFO] ------------------------------------------------------------------------\n[INFO] BUILD SUCCESS\n[INFO] ------------------------------------------------------------------------\n[INFO] Total time:  5.967 s\n[INFO] Finished at: 2021-02-10T19:18:06+01:00\n[INFO] ------------------------------------------------------------------------\n"},"buildResult":{"buildSuccessfull":true,"buildLogs":"[INFO] Scanning for projects...\n[INFO] \n[INFO] -----------------------------\u003c group18:ci \u003e-----------------------------\n[INFO] Building ci 1.0\n[INFO] --------------------------------[ jar ]---------------------------------\n[INFO] \n[INFO] --- maven-resources-plugin:3.0.2:resources (default-resources) @ ci ---\n[INFO] Using \u0027UTF-8\u0027 encoding to copy filtered resources.\n[INFO] skip non existing resourceDirectory /Users/oscar/Desktop/dd2480-g18-Continuous-Integration/tmp_build/117f7fb/dd2480-g18-Continuous-Integration/src/main/resources\n[INFO] \n[INFO] --- maven-compiler-plugin:3.8.0:compile (default-compile) @ ci ---\n[INFO] Changes detected - recompiling the module!\n[INFO] Compiling 1 source file to /Users/oscar/Desktop/dd2480-g18-Continuous-Integration/tmp_build/117f7fb/dd2480-g18-Continuous-Integration/target/classes\n[INFO] ------------------------------------------------------------------------\n[INFO] BUILD SUCCESS\n[INFO] ------------------------------------------------------------------------\n[INFO] Total time:  6.657 s\n[INFO] Finished at: 2021-02-10T19:18:16+01:00\n[INFO] ------------------------------------------------------------------------\n"},"testResult":{"testSuccessfull":true,"testLogs":"[INFO] Scanning for projects...\n[INFO] \n[INFO] -----------------------------\u003c group18:ci \u003e-----------------------------\n[INFO] Building ci 1.0\n[INFO] --------------------------------[ jar ]---------------------------------\n[INFO] \n[INFO] --- maven-resources-plugin:3.0.2:resources (default-resources) @ ci ---\n[INFO] Using \u0027UTF-8\u0027 encoding to copy filtered resources.\n[INFO] skip non existing resourceDirectory /Users/oscar/Desktop/dd2480-g18-Continuous-Integration/tmp_build/117f7fb/dd2480-g18-Continuous-Integration/src/main/resources\n[INFO] \n[INFO] --- maven-compiler-plugin:3.8.0:compile (default-compile) @ ci ---\n[INFO] Nothing to compile - all classes are up to date\n[INFO] \n[INFO] --- maven-resources-plugin:3.0.2:testResources (default-testResources) @ ci ---\n[INFO] Using \u0027UTF-8\u0027 encoding to copy filtered resources.\n[INFO] skip non existing resourceDirectory /Users/oscar/Desktop/dd2480-g18-Continuous-Integration/tmp_build/117f7fb/dd2480-g18-Continuous-Integration/src/test/resources\n[INFO] \n[INFO] --- maven-compiler-plugin:3.8.0:testCompile (default-testCompile) @ ci ---\n[INFO] Changes detected - recompiling the module!\n[INFO] Compiling 2 source files to /Users/oscar/Desktop/dd2480-g18-Continuous-Integration/tmp_build/117f7fb/dd2480-g18-Continuous-Integration/target/test-classes\n[INFO] \n[INFO] --- maven-surefire-plugin:2.22.1:test (default-test) @ ci ---\n[INFO] \n[INFO] -------------------------------------------------------\n[INFO]  T E S T S\n[INFO] -------------------------------------------------------\n[INFO] Running test.ExampleTest\n[INFO] Tests run: 1, Failures: 0, Errors: 0, Skipped: 0, Time elapsed: 0.088 s - in test.ExampleTest\n[INFO] Running SuccessTest\n[INFO] Tests run: 3, Failures: 0, Errors: 0, Skipped: 0, Time elapsed: 0.021 s - in SuccessTest\n[INFO] \n[INFO] Results:\n[INFO] \n[INFO] Tests run: 4, Failures: 0, Errors: 0, Skipped: 0\n[INFO] \n[INFO] ------------------------------------------------------------------------\n[INFO] BUILD SUCCESS\n[INFO] ------------------------------------------------------------------------\n[INFO] Total time:  6.803 s\n[INFO] Finished at: 2021-02-10T19:18:27+01:00\n[INFO] ------------------------------------------------------------------------\n"}},{"buildID":14,"commitHash":"4e52fa0","buildDate":"2021-02-10 19:19:43","branch":"TEST_push_on_this_branch","installResult":{"installSuccessfull":true,"installLogs":"[INFO] Scanning for projects...\n[INFO] \n[INFO] -----------------------------\u003c group18:ci \u003e-----------------------------\n[INFO] Building ci 1.0\n[INFO] --------------------------------[ jar ]---------------------------------\n[INFO] \n[INFO] --- maven-dependency-plugin:2.8:resolve (default-cli) @ ci ---\n[INFO] \n[INFO] The following files have been resolved:\n[INFO]    org.eclipse.jetty:jetty-io:jar:7.0.2.v20100331:compile\n[INFO]    org.eclipse.jetty:jetty-util:jar:7.0.2.v20100331:compile\n[INFO]    javax.servlet:javax.servlet-api:jar:4.0.1:provided\n[INFO]    org.junit.jupiter:junit-jupiter:jar:5.7.0:test\n[INFO]    org.junit.jupiter:junit-jupiter-engine:jar:5.7.0:test\n[INFO]    org.eclipse.jetty:jetty-http:jar:7.0.2.v20100331:compile\n[INFO]    org.eclipse.jetty:jetty-continuation:jar:7.0.2.v20100331:compile\n[INFO]    org.junit.jupiter:junit-jupiter-api:jar:5.7.0:compile\n[INFO]    javax.servlet:servlet-api:jar:2.5:compile\n[INFO]    org.eclipse.jetty:jetty-server:jar:7.0.2.v20100331:compile\n[INFO]    org.opentest4j:opentest4j:jar:1.2.0:compile\n[INFO]    org.junit.jupiter:junit-jupiter-params:jar:5.7.0:test\n[INFO]    org.junit.platform:junit-platform-commons:jar:1.7.0:compile\n[INFO]    org.apiguardian:apiguardian-api:jar:1.1.0:compile\n[INFO]    org.junit.platform:junit-platform-engine:jar:1.7.0:test\n[INFO] \n[INFO] ------------------------------------------------------------------------\n[INFO] BUILD SUCCESS\n[INFO] ------------------------------------------------------------------------\n[INFO] Total time:  3.609 s\n[INFO] Finished at: 2021-02-10T19:19:09+01:00\n[INFO] ------------------------------------------------------------------------\n"},"buildResult":{"buildSuccessfull":true,"buildLogs":"[INFO] Scanning for projects...\n[INFO] \n[INFO] -----------------------------\u003c group18:ci \u003e-----------------------------\n[INFO] Building ci 1.0\n[INFO] --------------------------------[ jar ]---------------------------------\n[INFO] \n[INFO] --- maven-resources-plugin:3.0.2:resources (default-resources) @ ci ---\n[INFO] Using \u0027UTF-8\u0027 encoding to copy filtered resources.\n[INFO] skip non existing resourceDirectory /Users/oscar/Desktop/dd2480-g18-Continuous-Integration/tmp_build/4e52fa0/dd2480-g18-Continuous-Integration/src/main/resources\n[INFO] \n[INFO] --- maven-compiler-plugin:3.8.0:compile (default-compile) @ ci ---\n[INFO] Changes detected - recompiling the module!\n[INFO] Compiling 1 source file to /Users/oscar/Desktop/dd2480-g18-Continuous-Integration/tmp_build/4e52fa0/dd2480-g18-Continuous-Integration/target/classes\n[INFO] ------------------------------------------------------------------------\n[INFO] BUILD SUCCESS\n[INFO] ------------------------------------------------------------------------\n[INFO] Total time:  4.804 s\n[INFO] Finished at: 2021-02-10T19:19:17+01:00\n[INFO] ------------------------------------------------------------------------\n"},"testResult":{"testSuccessfull":true,"testLogs":"[INFO] Scanning for projects...\n[INFO] \n[INFO] -----------------------------\u003c group18:ci \u003e-----------------------------\n[INFO] Building ci 1.0\n[INFO] --------------------------------[ jar ]---------------------------------\n[INFO] \n[INFO] --- maven-resources-plugin:3.0.2:resources (default-resources) @ ci ---\n[INFO] Using \u0027UTF-8\u0027 encoding to copy filtered resources.\n[INFO] skip non existing resourceDirectory /Users/oscar/Desktop/dd2480-g18-Continuous-Integration/tmp_build/4e52fa0/dd2480-g18-Continuous-Integration/src/main/resources\n[INFO] \n[INFO] --- maven-compiler-plugin:3.8.0:compile (default-compile) @ ci ---\n[INFO] Nothing to compile - all classes are up to date\n[INFO] \n[INFO] --- maven-resources-plugin:3.0.2:testResources (default-testResources) @ ci ---\n[INFO] Using \u0027UTF-8\u0027 encoding to copy filtered resources.\n[INFO] skip non existing resourceDirectory /Users/oscar/Desktop/dd2480-g18-Continuous-Integration/tmp_build/4e52fa0/dd2480-g18-Continuous-Integration/src/test/resources\n[INFO] \n[INFO] --- maven-compiler-plugin:3.8.0:testCompile (default-testCompile) @ ci ---\n[INFO] Changes detected - recompiling the module!\n[INFO] Compiling 1 source file to /Users/oscar/Desktop/dd2480-g18-Continuous-Integration/tmp_build/4e52fa0/dd2480-g18-Continuous-Integration/target/test-classes\n[INFO] \n[INFO] --- maven-surefire-plugin:2.22.1:test (default-test) @ ci ---\n[INFO] \n[INFO] -------------------------------------------------------\n[INFO]  T E S T S\n[INFO] -------------------------------------------------------\n[INFO] Running test.ExampleTest\n[INFO] Tests run: 1, Failures: 0, Errors: 0, Skipped: 0, Time elapsed: 0.177 s - in test.ExampleTest\n[INFO] \n[INFO] Results:\n[INFO] \n[INFO] Tests run: 1, Failures: 0, Errors: 0, Skipped: 0\n[INFO] \n[INFO] ------------------------------------------------------------------------\n[INFO] BUILD SUCCESS\n[INFO] ------------------------------------------------------------------------\n[INFO] Total time:  10.190 s\n[INFO] Finished at: 2021-02-10T19:19:32+01:00\n[INFO] ------------------------------------------------------------------------\n"}},{"buildID":15,"commitHash":"117f7fb","buildDate":"2021-02-10 20:25:54","branch":"TEST_total_success","installResult":{"installSuccessfull":true,"installLogs":"[INFO] Scanning for projects...\n[INFO] \n[INFO] -----------------------------\u003c group18:ci \u003e-----------------------------\n[INFO] Building ci 1.0\n[INFO] --------------------------------[ jar ]---------------------------------\n[INFO] \n[INFO] --- maven-dependency-plugin:2.8:resolve (default-cli) @ ci ---\n[INFO] \n[INFO] The following files have been resolved:\n[INFO]    org.eclipse.jetty:jetty-io:jar:7.0.2.v20100331:compile\n[INFO]    org.eclipse.jetty:jetty-util:jar:7.0.2.v20100331:compile\n[INFO]    javax.servlet:javax.servlet-api:jar:4.0.1:provided\n[INFO]    org.junit.jupiter:junit-jupiter:jar:5.7.0:test\n[INFO]    org.junit.jupiter:junit-jupiter-engine:jar:5.7.0:test\n[INFO]    org.eclipse.jetty:jetty-http:jar:7.0.2.v20100331:compile\n[INFO]    org.eclipse.jetty:jetty-continuation:jar:7.0.2.v20100331:compile\n[INFO]    org.junit.jupiter:junit-jupiter-api:jar:5.7.0:compile\n[INFO]    javax.servlet:servlet-api:jar:2.5:compile\n[INFO]    org.eclipse.jetty:jetty-server:jar:7.0.2.v20100331:compile\n[INFO]    org.opentest4j:opentest4j:jar:1.2.0:compile\n[INFO]    org.junit.jupiter:junit-jupiter-params:jar:5.7.0:test\n[INFO]    org.junit.platform:junit-platform-commons:jar:1.7.0:compile\n[INFO]    org.apiguardian:apiguardian-api:jar:1.1.0:compile\n[INFO]    org.junit.platform:junit-platform-engine:jar:1.7.0:test\n[INFO] \n[INFO] ------------------------------------------------------------------------\n[INFO] BUILD SUCCESS\n[INFO] ------------------------------------------------------------------------\n[INFO] Total time:  1.145 s\n[INFO] Finished at: 2021-02-10T20:25:44+01:00\n[INFO] ------------------------------------------------------------------------\n"},"buildResult":{"buildSuccessfull":true,"buildLogs":"[INFO] Scanning for projects...\n[INFO] \n[INFO] -----------------------------\u003c group18:ci \u003e-----------------------------\n[INFO] Building ci 1.0\n[INFO] --------------------------------[ jar ]---------------------------------\n[INFO] \n[INFO] --- maven-resources-plugin:3.0.2:resources (default-resources) @ ci ---\n[INFO] Using \u0027UTF-8\u0027 encoding to copy filtered resources.\n[INFO] skip non existing resourceDirectory /media/lukas/DATA/Skola/DD2480_software_engineering/dd2480-g18-Continuous-Integration/tmp_build/117f7fb/dd2480-g18-Continuous-Integration/src/main/resources\n[INFO] \n[INFO] --- maven-compiler-plugin:3.8.0:compile (default-compile) @ ci ---\n[INFO] Changes detected - recompiling the module!\n[INFO] Compiling 1 source file to /media/lukas/DATA/Skola/DD2480_software_engineering/dd2480-g18-Continuous-Integration/tmp_build/117f7fb/dd2480-g18-Continuous-Integration/target/classes\n[INFO] ------------------------------------------------------------------------\n[INFO] BUILD SUCCESS\n[INFO] ------------------------------------------------------------------------\n[INFO] Total time:  1.349 s\n[INFO] Finished at: 2021-02-10T20:25:47+01:00\n[INFO] ------------------------------------------------------------------------\n"},"testResult":{"testSuccessfull":true,"testLogs":"[INFO] Scanning for projects...\n[INFO] \n[INFO] -----------------------------\u003c group18:ci \u003e-----------------------------\n[INFO] Building ci 1.0\n[INFO] --------------------------------[ jar ]---------------------------------\n[INFO] \n[INFO] --- maven-resources-plugin:3.0.2:resources (default-resources) @ ci ---\n[INFO] Using \u0027UTF-8\u0027 encoding to copy filtered resources.\n[INFO] skip non existing resourceDirectory /media/lukas/DATA/Skola/DD2480_software_engineering/dd2480-g18-Continuous-Integration/tmp_build/117f7fb/dd2480-g18-Continuous-Integration/src/main/resources\n[INFO] \n[INFO] --- maven-compiler-plugin:3.8.0:compile (default-compile) @ ci ---\n[INFO] Nothing to compile - all classes are up to date\n[INFO] \n[INFO] --- maven-resources-plugin:3.0.2:testResources (default-testResources) @ ci ---\n[INFO] Using \u0027UTF-8\u0027 encoding to copy filtered resources.\n[INFO] skip non existing resourceDirectory /media/lukas/DATA/Skola/DD2480_software_engineering/dd2480-g18-Continuous-Integration/tmp_build/117f7fb/dd2480-g18-Continuous-Integration/src/test/resources\n[INFO] \n[INFO] --- maven-compiler-plugin:3.8.0:testCompile (default-testCompile) @ ci ---\n[INFO] Changes detected - recompiling the module!\n[INFO] Compiling 2 source files to /media/lukas/DATA/Skola/DD2480_software_engineering/dd2480-g18-Continuous-Integration/tmp_build/117f7fb/dd2480-g18-Continuous-Integration/target/test-classes\n[INFO] \n[INFO] --- maven-surefire-plugin:2.22.1:test (default-test) @ ci ---\n[INFO] \n[INFO] -------------------------------------------------------\n[INFO]  T E S T S\n[INFO] -------------------------------------------------------\n[INFO] Running SuccessTest\n[INFO] Tests run: 3, Failures: 0, Errors: 0, Skipped: 0, Time elapsed: 0.042 s - in SuccessTest\n[INFO] Running test.ExampleTest\n[INFO] Tests run: 1, Failures: 0, Errors: 0, Skipped: 0, Time elapsed: 0 s - in test.ExampleTest\n[INFO] \n[INFO] Results:\n[INFO] \n[INFO] Tests run: 4, Failures: 0, Errors: 0, Skipped: 0\n[INFO] \n[INFO] ------------------------------------------------------------------------\n[INFO] BUILD SUCCESS\n[INFO] ------------------------------------------------------------------------\n[INFO] Total time:  2.909 s\n[INFO] Finished at: 2021-02-10T20:25:51+01:00\n[INFO] ------------------------------------------------------------------------\n"}},{"buildID":16,"commitHash":"117f7fb","buildDate":"2021-02-10 20:27:44","branch":"TEST_total_success","installResult":{"installSuccessfull":true,"installLogs":"[INFO] Scanning for projects...\n[INFO] \n[INFO] -----------------------------\u003c group18:ci \u003e-----------------------------\n[INFO] Building ci 1.0\n[INFO] --------------------------------[ jar ]---------------------------------\n[INFO] \n[INFO] --- maven-dependency-plugin:2.8:resolve (default-cli) @ ci ---\n[INFO] \n[INFO] The following files have been resolved:\n[INFO]    org.eclipse.jetty:jetty-io:jar:7.0.2.v20100331:compile\n[INFO]    org.eclipse.jetty:jetty-util:jar:7.0.2.v20100331:compile\n[INFO]    javax.servlet:javax.servlet-api:jar:4.0.1:provided\n[INFO]    org.junit.jupiter:junit-jupiter:jar:5.7.0:test\n[INFO]    org.junit.jupiter:junit-jupiter-engine:jar:5.7.0:test\n[INFO]    org.eclipse.jetty:jetty-http:jar:7.0.2.v20100331:compile\n[INFO]    org.eclipse.jetty:jetty-continuation:jar:7.0.2.v20100331:compile\n[INFO]    org.junit.jupiter:junit-jupiter-api:jar:5.7.0:compile\n[INFO]    javax.servlet:servlet-api:jar:2.5:compile\n[INFO]    org.eclipse.jetty:jetty-server:jar:7.0.2.v20100331:compile\n[INFO]    org.opentest4j:opentest4j:jar:1.2.0:compile\n[INFO]    org.junit.jupiter:junit-jupiter-params:jar:5.7.0:test\n[INFO]    org.junit.platform:junit-platform-commons:jar:1.7.0:compile\n[INFO]    org.apiguardian:apiguardian-api:jar:1.1.0:compile\n[INFO]    org.junit.platform:junit-platform-engine:jar:1.7.0:test\n[INFO] \n[INFO] ------------------------------------------------------------------------\n[INFO] BUILD SUCCESS\n[INFO] ------------------------------------------------------------------------\n[INFO] Total time:  1.150 s\n[INFO] Finished at: 2021-02-10T20:27:34+01:00\n[INFO] ------------------------------------------------------------------------\n"},"buildResult":{"buildSuccessfull":true,"buildLogs":"[INFO] Scanning for projects...\n[INFO] \n[INFO] -----------------------------\u003c group18:ci \u003e-----------------------------\n[INFO] Building ci 1.0\n[INFO] --------------------------------[ jar ]---------------------------------\n[INFO] \n[INFO] --- maven-resources-plugin:3.0.2:resources (default-resources) @ ci ---\n[INFO] Using \u0027UTF-8\u0027 encoding to copy filtered resources.\n[INFO] skip non existing resourceDirectory /media/lukas/DATA/Skola/DD2480_software_engineering/dd2480-g18-Continuous-Integration/tmp_build/117f7fb/dd2480-g18-Continuous-Integration/src/main/resources\n[INFO] \n[INFO] --- maven-compiler-plugin:3.8.0:compile (default-compile) @ ci ---\n[INFO] Changes detected - recompiling the module!\n[INFO] Compiling 1 source file to /media/lukas/DATA/Skola/DD2480_software_engineering/dd2480-g18-Continuous-Integration/tmp_build/117f7fb/dd2480-g18-Continuous-Integration/target/classes\n[INFO] ------------------------------------------------------------------------\n[INFO] BUILD SUCCESS\n[INFO] ------------------------------------------------------------------------\n[INFO] Total time:  1.493 s\n[INFO] Finished at: 2021-02-10T20:27:37+01:00\n[INFO] ------------------------------------------------------------------------\n"},"testResult":{"testSuccessfull":true,"testLogs":"[INFO] Scanning for projects...\n[INFO] \n[INFO] -----------------------------\u003c group18:ci \u003e-----------------------------\n[INFO] Building ci 1.0\n[INFO] --------------------------------[ jar ]---------------------------------\n[INFO] \n[INFO] --- maven-resources-plugin:3.0.2:resources (default-resources) @ ci ---\n[INFO] Using \u0027UTF-8\u0027 encoding to copy filtered resources.\n[INFO] skip non existing resourceDirectory /media/lukas/DATA/Skola/DD2480_software_engineering/dd2480-g18-Continuous-Integration/tmp_build/117f7fb/dd2480-g18-Continuous-Integration/src/main/resources\n[INFO] \n[INFO] --- maven-compiler-plugin:3.8.0:compile (default-compile) @ ci ---\n[INFO] Nothing to compile - all classes are up to date\n[INFO] \n[INFO] --- maven-resources-plugin:3.0.2:testResources (default-testResources) @ ci ---\n[INFO] Using \u0027UTF-8\u0027 encoding to copy filtered resources.\n[INFO] skip non existing resourceDirectory /media/lukas/DATA/Skola/DD2480_software_engineering/dd2480-g18-Continuous-Integration/tmp_build/117f7fb/dd2480-g18-Continuous-Integration/src/test/resources\n[INFO] \n[INFO] --- maven-compiler-plugin:3.8.0:testCompile (default-testCompile) @ ci ---\n[INFO] Changes detected - recompiling the module!\n[INFO] Compiling 2 source files to /media/lukas/DATA/Skola/DD2480_software_engineering/dd2480-g18-Continuous-Integration/tmp_build/117f7fb/dd2480-g18-Continuous-Integration/target/test-classes\n[INFO] \n[INFO] --- maven-surefire-plugin:2.22.1:test (default-test) @ ci ---\n[INFO] \n[INFO] -------------------------------------------------------\n[INFO]  T E S T S\n[INFO] -------------------------------------------------------\n[INFO] Running SuccessTest\n[INFO] Tests run: 3, Failures: 0, Errors: 0, Skipped: 0, Time elapsed: 0.042 s - in SuccessTest\n[INFO] Running test.ExampleTest\n[INFO] Tests run: 1, Failures: 0, Errors: 0, Skipped: 0, Time elapsed: 0 s - in test.ExampleTest\n[INFO] \n[INFO] Results:\n[INFO] \n[INFO] Tests run: 4, Failures: 0, Errors: 0, Skipped: 0\n[INFO] \n[INFO] ------------------------------------------------------------------------\n[INFO] BUILD SUCCESS\n[INFO] ------------------------------------------------------------------------\n[INFO] Total time:  2.830 s\n[INFO] Finished at: 2021-02-10T20:27:42+01:00\n[INFO] ------------------------------------------------------------------------\n"}},{"buildID":17,"commitHash":"117f7fb","buildDate":"2021-02-10 20:28:33","branch":"TEST_total_success","installResult":{"installSuccessfull":true,"installLogs":"[INFO] Scanning for projects...\n[INFO] \n[INFO] -----------------------------\u003c group18:ci \u003e-----------------------------\n[INFO] Building ci 1.0\n[INFO] --------------------------------[ jar ]---------------------------------\n[INFO] \n[INFO] --- maven-dependency-plugin:2.8:resolve (default-cli) @ ci ---\n[INFO] \n[INFO] The following files have been resolved:\n[INFO]    org.eclipse.jetty:jetty-io:jar:7.0.2.v20100331:compile\n[INFO]    org.eclipse.jetty:jetty-util:jar:7.0.2.v20100331:compile\n[INFO]    javax.servlet:javax.servlet-api:jar:4.0.1:provided\n[INFO]    org.junit.jupiter:junit-jupiter:jar:5.7.0:test\n[INFO]    org.junit.jupiter:junit-jupiter-engine:jar:5.7.0:test\n[INFO]    org.eclipse.jetty:jetty-http:jar:7.0.2.v20100331:compile\n[INFO]    org.eclipse.jetty:jetty-continuation:jar:7.0.2.v20100331:compile\n[INFO]    org.junit.jupiter:junit-jupiter-api:jar:5.7.0:compile\n[INFO]    javax.servlet:servlet-api:jar:2.5:compile\n[INFO]    org.eclipse.jetty:jetty-server:jar:7.0.2.v20100331:compile\n[INFO]    org.opentest4j:opentest4j:jar:1.2.0:compile\n[INFO]    org.junit.jupiter:junit-jupiter-params:jar:5.7.0:test\n[INFO]    org.junit.platform:junit-platform-commons:jar:1.7.0:compile\n[INFO]    org.apiguardian:apiguardian-api:jar:1.1.0:compile\n[INFO]    org.junit.platform:junit-platform-engine:jar:1.7.0:test\n[INFO] \n[INFO] ------------------------------------------------------------------------\n[INFO] BUILD SUCCESS\n[INFO] ------------------------------------------------------------------------\n[INFO] Total time:  1.271 s\n[INFO] Finished at: 2021-02-10T20:28:22+01:00\n[INFO] ------------------------------------------------------------------------\n"},"buildResult":{"buildSuccessfull":true,"buildLogs":"[INFO] Scanning for projects...\n[INFO] \n[INFO] -----------------------------\u003c group18:ci \u003e-----------------------------\n[INFO] Building ci 1.0\n[INFO] --------------------------------[ jar ]---------------------------------\n[INFO] \n[INFO] --- maven-resources-plugin:3.0.2:resources (default-resources) @ ci ---\n[INFO] Using \u0027UTF-8\u0027 encoding to copy filtered resources.\n[INFO] skip non existing resourceDirectory /media/lukas/DATA/Skola/DD2480_software_engineering/dd2480-g18-Continuous-Integration/tmp_build/117f7fb/dd2480-g18-Continuous-Integration/src/main/resources\n[INFO] \n[INFO] --- maven-compiler-plugin:3.8.0:compile (default-compile) @ ci ---\n[INFO] Changes detected - recompiling the module!\n[INFO] Compiling 1 source file to /media/lukas/DATA/Skola/DD2480_software_engineering/dd2480-g18-Continuous-Integration/tmp_build/117f7fb/dd2480-g18-Continuous-Integration/target/classes\n[INFO] ------------------------------------------------------------------------\n[INFO] BUILD SUCCESS\n[INFO] ------------------------------------------------------------------------\n[INFO] Total time:  1.630 s\n[INFO] Finished at: 2021-02-10T20:28:26+01:00\n[INFO] ------------------------------------------------------------------------\n"},"testResult":{"testSuccessfull":true,"testLogs":"[INFO] Scanning for projects...\n[INFO] \n[INFO] -----------------------------\u003c group18:ci \u003e-----------------------------\n[INFO] Building ci 1.0\n[INFO] --------------------------------[ jar ]---------------------------------\n[INFO] \n[INFO] --- maven-resources-plugin:3.0.2:resources (default-resources) @ ci ---\n[INFO] Using \u0027UTF-8\u0027 encoding to copy filtered resources.\n[INFO] skip non existing resourceDirectory /media/lukas/DATA/Skola/DD2480_software_engineering/dd2480-g18-Continuous-Integration/tmp_build/117f7fb/dd2480-g18-Continuous-Integration/src/main/resources\n[INFO] \n[INFO] --- maven-compiler-plugin:3.8.0:compile (default-compile) @ ci ---\n[INFO] Nothing to compile - all classes are up to date\n[INFO] \n[INFO] --- maven-resources-plugin:3.0.2:testResources (default-testResources) @ ci ---\n[INFO] Using \u0027UTF-8\u0027 encoding to copy filtered resources.\n[INFO] skip non existing resourceDirectory /media/lukas/DATA/Skola/DD2480_software_engineering/dd2480-g18-Continuous-Integration/tmp_build/117f7fb/dd2480-g18-Continuous-Integration/src/test/resources\n[INFO] \n[INFO] --- maven-compiler-plugin:3.8.0:testCompile (default-testCompile) @ ci ---\n[INFO] Changes detected - recompiling the module!\n[INFO] Compiling 2 source files to /media/lukas/DATA/Skola/DD2480_software_engineering/dd2480-g18-Continuous-Integration/tmp_build/117f7fb/dd2480-g18-Continuous-Integration/target/test-classes\n[INFO] \n[INFO] --- maven-surefire-plugin:2.22.1:test (default-test) @ ci ---\n[INFO] \n[INFO] -------------------------------------------------------\n[INFO]  T E S T S\n[INFO] -------------------------------------------------------\n[INFO] Running SuccessTest\n[INFO] Tests run: 3, Failures: 0, Errors: 0, Skipped: 0, Time elapsed: 0.039 s - in SuccessTest\n[INFO] Running test.ExampleTest\n[INFO] Tests run: 1, Failures: 0, Errors: 0, Skipped: 0, Time elapsed: 0.001 s - in test.ExampleTest\n[INFO] \n[INFO] Results:\n[INFO] \n[INFO] Tests run: 4, Failures: 0, Errors: 0, Skipped: 0\n[INFO] \n[INFO] ------------------------------------------------------------------------\n[INFO] BUILD SUCCESS\n[INFO] ------------------------------------------------------------------------\n[INFO] Total time:  3.148 s\n[INFO] Finished at: 2021-02-10T20:28:30+01:00\n[INFO] ------------------------------------------------------------------------\n"}},{"buildID":18,"commitHash":"117f7fb","buildDate":"2021-02-10 20:29:01","branch":"TEST_total_success","installResult":{"installSuccessfull":true,"installLogs":"[INFO] Scanning for projects...\n[INFO] \n[INFO] -----------------------------\u003c group18:ci \u003e-----------------------------\n[INFO] Building ci 1.0\n[INFO] --------------------------------[ jar ]---------------------------------\n[INFO] \n[INFO] --- maven-dependency-plugin:2.8:resolve (default-cli) @ ci ---\n[INFO] \n[INFO] The following files have been resolved:\n[INFO]    org.eclipse.jetty:jetty-io:jar:7.0.2.v20100331:compile\n[INFO]    org.eclipse.jetty:jetty-util:jar:7.0.2.v20100331:compile\n[INFO]    javax.servlet:javax.servlet-api:jar:4.0.1:provided\n[INFO]    org.junit.jupiter:junit-jupiter:jar:5.7.0:test\n[INFO]    org.junit.jupiter:junit-jupiter-engine:jar:5.7.0:test\n[INFO]    org.eclipse.jetty:jetty-http:jar:7.0.2.v20100331:compile\n[INFO]    org.eclipse.jetty:jetty-continuation:jar:7.0.2.v20100331:compile\n[INFO]    org.junit.jupiter:junit-jupiter-api:jar:5.7.0:compile\n[INFO]    javax.servlet:servlet-api:jar:2.5:compile\n[INFO]    org.eclipse.jetty:jetty-server:jar:7.0.2.v20100331:compile\n[INFO]    org.opentest4j:opentest4j:jar:1.2.0:compile\n[INFO]    org.junit.jupiter:junit-jupiter-params:jar:5.7.0:test\n[INFO]    org.junit.platform:junit-platform-commons:jar:1.7.0:compile\n[INFO]    org.apiguardian:apiguardian-api:jar:1.1.0:compile\n[INFO]    org.junit.platform:junit-platform-engine:jar:1.7.0:test\n[INFO] \n[INFO] ------------------------------------------------------------------------\n[INFO] BUILD SUCCESS\n[INFO] ------------------------------------------------------------------------\n[INFO] Total time:  1.210 s\n[INFO] Finished at: 2021-02-10T20:28:52+01:00\n[INFO] ------------------------------------------------------------------------\n"},"buildResult":{"buildSuccessfull":true,"buildLogs":"[INFO] Scanning for projects...\n[INFO] \n[INFO] -----------------------------\u003c group18:ci \u003e-----------------------------\n[INFO] Building ci 1.0\n[INFO] --------------------------------[ jar ]---------------------------------\n[INFO] \n[INFO] --- maven-resources-plugin:3.0.2:resources (default-resources) @ ci ---\n[INFO] Using \u0027UTF-8\u0027 encoding to copy filtered resources.\n[INFO] skip non existing resourceDirectory /media/lukas/DATA/Skola/DD2480_software_engineering/dd2480-g18-Continuous-Integration/tmp_build/117f7fb/dd2480-g18-Continuous-Integration/src/main/resources\n[INFO] \n[INFO] --- maven-compiler-plugin:3.8.0:compile (default-compile) @ ci ---\n[INFO] Changes detected - recompiling the module!\n[INFO] Compiling 1 source file to /media/lukas/DATA/Skola/DD2480_software_engineering/dd2480-g18-Continuous-Integration/tmp_build/117f7fb/dd2480-g18-Continuous-Integration/target/classes\n[INFO] ------------------------------------------------------------------------\n[INFO] BUILD SUCCESS\n[INFO] ------------------------------------------------------------------------\n[INFO] Total time:  1.462 s\n[INFO] Finished at: 2021-02-10T20:28:54+01:00\n[INFO] ------------------------------------------------------------------------\n"},"testResult":{"testSuccessfull":true,"testLogs":"[INFO] Scanning for projects...\n[INFO] \n[INFO] -----------------------------\u003c group18:ci \u003e-----------------------------\n[INFO] Building ci 1.0\n[INFO] --------------------------------[ jar ]---------------------------------\n[INFO] \n[INFO] --- maven-resources-plugin:3.0.2:resources (default-resources) @ ci ---\n[INFO] Using \u0027UTF-8\u0027 encoding to copy filtered resources.\n[INFO] skip non existing resourceDirectory /media/lukas/DATA/Skola/DD2480_software_engineering/dd2480-g18-Continuous-Integration/tmp_build/117f7fb/dd2480-g18-Continuous-Integration/src/main/resources\n[INFO] \n[INFO] --- maven-compiler-plugin:3.8.0:compile (default-compile) @ ci ---\n[INFO] Nothing to compile - all classes are up to date\n[INFO] \n[INFO] --- maven-resources-plugin:3.0.2:testResources (default-testResources) @ ci ---\n[INFO] Using \u0027UTF-8\u0027 encoding to copy filtered resources.\n[INFO] skip non existing resourceDirectory /media/lukas/DATA/Skola/DD2480_software_engineering/dd2480-g18-Continuous-Integration/tmp_build/117f7fb/dd2480-g18-Continuous-Integration/src/test/resources\n[INFO] \n[INFO] --- maven-compiler-plugin:3.8.0:testCompile (default-testCompile) @ ci ---\n[INFO] Changes detected - recompiling the module!\n[INFO] Compiling 2 source files to /media/lukas/DATA/Skola/DD2480_software_engineering/dd2480-g18-Continuous-Integration/tmp_build/117f7fb/dd2480-g18-Continuous-Integration/target/test-classes\n[INFO] \n[INFO] --- maven-surefire-plugin:2.22.1:test (default-test) @ ci ---\n[INFO] \n[INFO] -------------------------------------------------------\n[INFO]  T E S T S\n[INFO] -------------------------------------------------------\n[INFO] Running SuccessTest\n[INFO] Tests run: 3, Failures: 0, Errors: 0, Skipped: 0, Time elapsed: 0.04 s - in SuccessTest\n[INFO] Running test.ExampleTest\n[INFO] Tests run: 1, Failures: 0, Errors: 0, Skipped: 0, Time elapsed: 0 s - in test.ExampleTest\n[INFO] \n[INFO] Results:\n[INFO] \n[INFO] Tests run: 4, Failures: 0, Errors: 0, Skipped: 0\n[INFO] \n[INFO] ------------------------------------------------------------------------\n[INFO] BUILD SUCCESS\n[INFO] ------------------------------------------------------------------------\n[INFO] Total time:  2.888 s\n[INFO] Finished at: 2021-02-10T20:28:59+01:00\n[INFO] ------------------------------------------------------------------------\n"}},{"buildID":19,"commitHash":"117f7fb","buildDate":"2021-02-10 20:29:34","branch":"TEST_total_success","installResult":{"installSuccessfull":true,"installLogs":"[INFO] Scanning for projects...\n[INFO] \n[INFO] -----------------------------\u003c group18:ci \u003e-----------------------------\n[INFO] Building ci 1.0\n[INFO] --------------------------------[ jar ]---------------------------------\n[INFO] \n[INFO] --- maven-dependency-plugin:2.8:resolve (default-cli) @ ci ---\n[INFO] \n[INFO] The following files have been resolved:\n[INFO]    org.eclipse.jetty:jetty-io:jar:7.0.2.v20100331:compile\n[INFO]    org.eclipse.jetty:jetty-util:jar:7.0.2.v20100331:compile\n[INFO]    javax.servlet:javax.servlet-api:jar:4.0.1:provided\n[INFO]    org.junit.jupiter:junit-jupiter:jar:5.7.0:test\n[INFO]    org.junit.jupiter:junit-jupiter-engine:jar:5.7.0:test\n[INFO]    org.eclipse.jetty:jetty-http:jar:7.0.2.v20100331:compile\n[INFO]    org.eclipse.jetty:jetty-continuation:jar:7.0.2.v20100331:compile\n[INFO]    org.junit.jupiter:junit-jupiter-api:jar:5.7.0:compile\n[INFO]    javax.servlet:servlet-api:jar:2.5:compile\n[INFO]    org.eclipse.jetty:jetty-server:jar:7.0.2.v20100331:compile\n[INFO]    org.opentest4j:opentest4j:jar:1.2.0:compile\n[INFO]    org.junit.jupiter:junit-jupiter-params:jar:5.7.0:test\n[INFO]    org.junit.platform:junit-platform-commons:jar:1.7.0:compile\n[INFO]    org.apiguardian:apiguardian-api:jar:1.1.0:compile\n[INFO]    org.junit.platform:junit-platform-engine:jar:1.7.0:test\n[INFO] \n[INFO] ------------------------------------------------------------------------\n[INFO] BUILD SUCCESS\n[INFO] ------------------------------------------------------------------------\n[INFO] Total time:  1.193 s\n[INFO] Finished at: 2021-02-10T20:29:23+01:00\n[INFO] ------------------------------------------------------------------------\n"},"buildResult":{"buildSuccessfull":true,"buildLogs":"[INFO] Scanning for projects...\n[INFO] \n[INFO] -----------------------------\u003c group18:ci \u003e-----------------------------\n[INFO] Building ci 1.0\n[INFO] --------------------------------[ jar ]---------------------------------\n[INFO] \n[INFO] --- maven-resources-plugin:3.0.2:resources (default-resources) @ ci ---\n[INFO] Using \u0027UTF-8\u0027 encoding to copy filtered resources.\n[INFO] skip non existing resourceDirectory /media/lukas/DATA/Skola/DD2480_software_engineering/dd2480-g18-Continuous-Integration/tmp_build/117f7fb/dd2480-g18-Continuous-Integration/src/main/resources\n[INFO] \n[INFO] --- maven-compiler-plugin:3.8.0:compile (default-compile) @ ci ---\n[INFO] Changes detected - recompiling the module!\n[INFO] Compiling 1 source file to /media/lukas/DATA/Skola/DD2480_software_engineering/dd2480-g18-Continuous-Integration/tmp_build/117f7fb/dd2480-g18-Continuous-Integration/target/classes\n[INFO] ------------------------------------------------------------------------\n[INFO] BUILD SUCCESS\n[INFO] ------------------------------------------------------------------------\n[INFO] Total time:  1.663 s\n[INFO] Finished at: 2021-02-10T20:29:27+01:00\n[INFO] ------------------------------------------------------------------------\n"},"testResult":{"testSuccessfull":true,"testLogs":"[INFO] Scanning for projects...\n[INFO] \n[INFO] -----------------------------\u003c group18:ci \u003e-----------------------------\n[INFO] Building ci 1.0\n[INFO] --------------------------------[ jar ]---------------------------------\n[INFO] \n[INFO] --- maven-resources-plugin:3.0.2:resources (default-resources) @ ci ---\n[INFO] Using \u0027UTF-8\u0027 encoding to copy filtered resources.\n[INFO] skip non existing resourceDirectory /media/lukas/DATA/Skola/DD2480_software_engineering/dd2480-g18-Continuous-Integration/tmp_build/117f7fb/dd2480-g18-Continuous-Integration/src/main/resources\n[INFO] \n[INFO] --- maven-compiler-plugin:3.8.0:compile (default-compile) @ ci ---\n[INFO] Nothing to compile - all classes are up to date\n[INFO] \n[INFO] --- maven-resources-plugin:3.0.2:testResources (default-testResources) @ ci ---\n[INFO] Using \u0027UTF-8\u0027 encoding to copy filtered resources.\n[INFO] skip non existing resourceDirectory /media/lukas/DATA/Skola/DD2480_software_engineering/dd2480-g18-Continuous-Integration/tmp_build/117f7fb/dd2480-g18-Continuous-Integration/src/test/resources\n[INFO] \n[INFO] --- maven-compiler-plugin:3.8.0:testCompile (default-testCompile) @ ci ---\n[INFO] Changes detected - recompiling the module!\n[INFO] Compiling 2 source files to /media/lukas/DATA/Skola/DD2480_software_engineering/dd2480-g18-Continuous-Integration/tmp_build/117f7fb/dd2480-g18-Continuous-Integration/target/test-classes\n[INFO] \n[INFO] --- maven-surefire-plugin:2.22.1:test (default-test) @ ci ---\n[INFO] \n[INFO] -------------------------------------------------------\n[INFO]  T E S T S\n[INFO] -------------------------------------------------------\n[INFO] Running SuccessTest\n[INFO] Tests run: 3, Failures: 0, Errors: 0, Skipped: 0, Time elapsed: 0.039 s - in SuccessTest\n[INFO] Running test.ExampleTest\n[INFO] Tests run: 1, Failures: 0, Errors: 0, Skipped: 0, Time elapsed: 0 s - in test.ExampleTest\n[INFO] \n[INFO] Results:\n[INFO] \n[INFO] Tests run: 4, Failures: 0, Errors: 0, Skipped: 0\n[INFO] \n[INFO] ------------------------------------------------------------------------\n[INFO] BUILD SUCCESS\n[INFO] ------------------------------------------------------------------------\n[INFO] Total time:  2.907 s\n[INFO] Finished at: 2021-02-10T20:29:31+01:00\n[INFO] ------------------------------------------------------------------------\n"}},{"buildID":20,"commitHash":"117f7fb","buildDate":"2021-02-10 20:30:16","branch":"TEST_total_success","installResult":{"installSuccessfull":true,"installLogs":"[INFO] Scanning for projects...\n[INFO] \n[INFO] -----------------------------\u003c group18:ci \u003e-----------------------------\n[INFO] Building ci 1.0\n[INFO] --------------------------------[ jar ]---------------------------------\n[INFO] \n[INFO] --- maven-dependency-plugin:2.8:resolve (default-cli) @ ci ---\n[INFO] \n[INFO] The following files have been resolved:\n[INFO]    org.eclipse.jetty:jetty-io:jar:7.0.2.v20100331:compile\n[INFO]    org.eclipse.jetty:jetty-util:jar:7.0.2.v20100331:compile\n[INFO]    javax.servlet:javax.servlet-api:jar:4.0.1:provided\n[INFO]    org.junit.jupiter:junit-jupiter:jar:5.7.0:test\n[INFO]    org.junit.jupiter:junit-jupiter-engine:jar:5.7.0:test\n[INFO]    org.eclipse.jetty:jetty-http:jar:7.0.2.v20100331:compile\n[INFO]    org.eclipse.jetty:jetty-continuation:jar:7.0.2.v20100331:compile\n[INFO]    org.junit.jupiter:junit-jupiter-api:jar:5.7.0:compile\n[INFO]    javax.servlet:servlet-api:jar:2.5:compile\n[INFO]    org.eclipse.jetty:jetty-server:jar:7.0.2.v20100331:compile\n[INFO]    org.opentest4j:opentest4j:jar:1.2.0:compile\n[INFO]    org.junit.jupiter:junit-jupiter-params:jar:5.7.0:test\n[INFO]    org.junit.platform:junit-platform-commons:jar:1.7.0:compile\n[INFO]    org.apiguardian:apiguardian-api:jar:1.1.0:compile\n[INFO]    org.junit.platform:junit-platform-engine:jar:1.7.0:test\n[INFO] \n[INFO] ------------------------------------------------------------------------\n[INFO] BUILD SUCCESS\n[INFO] ------------------------------------------------------------------------\n[INFO] Total time:  1.193 s\n[INFO] Finished at: 2021-02-10T20:30:06+01:00\n[INFO] ------------------------------------------------------------------------\n"},"buildResult":{"buildSuccessfull":true,"buildLogs":"[INFO] Scanning for projects...\n[INFO] \n[INFO] -----------------------------\u003c group18:ci \u003e-----------------------------\n[INFO] Building ci 1.0\n[INFO] --------------------------------[ jar ]---------------------------------\n[INFO] \n[INFO] --- maven-resources-plugin:3.0.2:resources (default-resources) @ ci ---\n[INFO] Using \u0027UTF-8\u0027 encoding to copy filtered resources.\n[INFO] skip non existing resourceDirectory /media/lukas/DATA/Skola/DD2480_software_engineering/dd2480-g18-Continuous-Integration/tmp_build/117f7fb/dd2480-g18-Continuous-Integration/src/main/resources\n[INFO] \n[INFO] --- maven-compiler-plugin:3.8.0:compile (default-compile) @ ci ---\n[INFO] Changes detected - recompiling the module!\n[INFO] Compiling 1 source file to /media/lukas/DATA/Skola/DD2480_software_engineering/dd2480-g18-Continuous-Integration/tmp_build/117f7fb/dd2480-g18-Continuous-Integration/target/classes\n[INFO] ------------------------------------------------------------------------\n[INFO] BUILD SUCCESS\n[INFO] ------------------------------------------------------------------------\n[INFO] Total time:  1.328 s\n[INFO] Finished at: 2021-02-10T20:30:09+01:00\n[INFO] ------------------------------------------------------------------------\n"},"testResult":{"testSuccessfull":true,"testLogs":"[INFO] Scanning for projects...\n[INFO] \n[INFO] -----------------------------\u003c group18:ci \u003e-----------------------------\n[INFO] Building ci 1.0\n[INFO] --------------------------------[ jar ]---------------------------------\n[INFO] \n[INFO] --- maven-resources-plugin:3.0.2:resources (default-resources) @ ci ---\n[INFO] Using \u0027UTF-8\u0027 encoding to copy filtered resources.\n[INFO] skip non existing resourceDirectory /media/lukas/DATA/Skola/DD2480_software_engineering/dd2480-g18-Continuous-Integration/tmp_build/117f7fb/dd2480-g18-Continuous-Integration/src/main/resources\n[INFO] \n[INFO] --- maven-compiler-plugin:3.8.0:compile (default-compile) @ ci ---\n[INFO] Nothing to compile - all classes are up to date\n[INFO] \n[INFO] --- maven-resources-plugin:3.0.2:testResources (default-testResources) @ ci ---\n[INFO] Using \u0027UTF-8\u0027 encoding to copy filtered resources.\n[INFO] skip non existing resourceDirectory /media/lukas/DATA/Skola/DD2480_software_engineering/dd2480-g18-Continuous-Integration/tmp_build/117f7fb/dd2480-g18-Continuous-Integration/src/test/resources\n[INFO] \n[INFO] --- maven-compiler-plugin:3.8.0:testCompile (default-testCompile) @ ci ---\n[INFO] Changes detected - recompiling the module!\n[INFO] Compiling 2 source files to /media/lukas/DATA/Skola/DD2480_software_engineering/dd2480-g18-Continuous-Integration/tmp_build/117f7fb/dd2480-g18-Continuous-Integration/target/test-classes\n[INFO] \n[INFO] --- maven-surefire-plugin:2.22.1:test (default-test) @ ci ---\n[INFO] \n[INFO] -------------------------------------------------------\n[INFO]  T E S T S\n[INFO] -------------------------------------------------------\n[INFO] Running SuccessTest\n[INFO] Tests run: 3, Failures: 0, Errors: 0, Skipped: 0, Time elapsed: 0.046 s - in SuccessTest\n[INFO] Running test.ExampleTest\n[INFO] Tests run: 1, Failures: 0, Errors: 0, Skipped: 0, Time elapsed: 0 s - in test.ExampleTest\n[INFO] \n[INFO] Results:\n[INFO] \n[INFO] Tests run: 4, Failures: 0, Errors: 0, Skipped: 0\n[INFO] \n[INFO] ------------------------------------------------------------------------\n[INFO] BUILD SUCCESS\n[INFO] ------------------------------------------------------------------------\n[INFO] Total time:  2.763 s\n[INFO] Finished at: 2021-02-10T20:30:13+01:00\n[INFO] ------------------------------------------------------------------------\n"}},{"buildID":21,"commitHash":"117f7fb","buildDate":"2021-02-10 20:31:51","branch":"TEST_total_success","installResult":{"installSuccessfull":true,"installLogs":"[INFO] Scanning for projects...\n[INFO] \n[INFO] -----------------------------\u003c group18:ci \u003e-----------------------------\n[INFO] Building ci 1.0\n[INFO] --------------------------------[ jar ]---------------------------------\n[INFO] \n[INFO] --- maven-dependency-plugin:2.8:resolve (default-cli) @ ci ---\n[INFO] \n[INFO] The following files have been resolved:\n[INFO]    org.eclipse.jetty:jetty-io:jar:7.0.2.v20100331:compile\n[INFO]    org.eclipse.jetty:jetty-util:jar:7.0.2.v20100331:compile\n[INFO]    javax.servlet:javax.servlet-api:jar:4.0.1:provided\n[INFO]    org.junit.jupiter:junit-jupiter:jar:5.7.0:test\n[INFO]    org.junit.jupiter:junit-jupiter-engine:jar:5.7.0:test\n[INFO]    org.eclipse.jetty:jetty-http:jar:7.0.2.v20100331:compile\n[INFO]    org.eclipse.jetty:jetty-continuation:jar:7.0.2.v20100331:compile\n[INFO]    org.junit.jupiter:junit-jupiter-api:jar:5.7.0:compile\n[INFO]    javax.servlet:servlet-api:jar:2.5:compile\n[INFO]    org.eclipse.jetty:jetty-server:jar:7.0.2.v20100331:compile\n[INFO]    org.opentest4j:opentest4j:jar:1.2.0:compile\n[INFO]    org.junit.jupiter:junit-jupiter-params:jar:5.7.0:test\n[INFO]    org.junit.platform:junit-platform-commons:jar:1.7.0:compile\n[INFO]    org.apiguardian:apiguardian-api:jar:1.1.0:compile\n[INFO]    org.junit.platform:junit-platform-engine:jar:1.7.0:test\n[INFO] \n[INFO] ------------------------------------------------------------------------\n[INFO] BUILD SUCCESS\n[INFO] ------------------------------------------------------------------------\n[INFO] Total time:  1.157 s\n[INFO] Finished at: 2021-02-10T20:31:41+01:00\n[INFO] ------------------------------------------------------------------------\n"},"buildResult":{"buildSuccessfull":true,"buildLogs":"[INFO] Scanning for projects...\n[INFO] \n[INFO] -----------------------------\u003c group18:ci \u003e-----------------------------\n[INFO] Building ci 1.0\n[INFO] --------------------------------[ jar ]---------------------------------\n[INFO] \n[INFO] --- maven-resources-plugin:3.0.2:resources (default-resources) @ ci ---\n[INFO] Using \u0027UTF-8\u0027 encoding to copy filtered resources.\n[INFO] skip non existing resourceDirectory /media/lukas/DATA/Skola/DD2480_software_engineering/dd2480-g18-Continuous-Integration/tmp_build/117f7fb/dd2480-g18-Continuous-Integration/src/main/resources\n[INFO] \n[INFO] --- maven-compiler-plugin:3.8.0:compile (default-compile) @ ci ---\n[INFO] Changes detected - recompiling the module!\n[INFO] Compiling 1 source file to /media/lukas/DATA/Skola/DD2480_software_engineering/dd2480-g18-Continuous-Integration/tmp_build/117f7fb/dd2480-g18-Continuous-Integration/target/classes\n[INFO] ------------------------------------------------------------------------\n[INFO] BUILD SUCCESS\n[INFO] ------------------------------------------------------------------------\n[INFO] Total time:  1.488 s\n[INFO] Finished at: 2021-02-10T20:31:44+01:00\n[INFO] ------------------------------------------------------------------------\n"},"testResult":{"testSuccessfull":true,"testLogs":"[INFO] Scanning for projects...\n[INFO] \n[INFO] -----------------------------\u003c group18:ci \u003e-----------------------------\n[INFO] Building ci 1.0\n[INFO] --------------------------------[ jar ]---------------------------------\n[INFO] \n[INFO] --- maven-resources-plugin:3.0.2:resources (default-resources) @ ci ---\n[INFO] Using \u0027UTF-8\u0027 encoding to copy filtered resources.\n[INFO] skip non existing resourceDirectory /media/lukas/DATA/Skola/DD2480_software_engineering/dd2480-g18-Continuous-Integration/tmp_build/117f7fb/dd2480-g18-Continuous-Integration/src/main/resources\n[INFO] \n[INFO] --- maven-compiler-plugin:3.8.0:compile (default-compile) @ ci ---\n[INFO] Nothing to compile - all classes are up to date\n[INFO] \n[INFO] --- maven-resources-plugin:3.0.2:testResources (default-testResources) @ ci ---\n[INFO] Using \u0027UTF-8\u0027 encoding to copy filtered resources.\n[INFO] skip non existing resourceDirectory /media/lukas/DATA/Skola/DD2480_software_engineering/dd2480-g18-Continuous-Integration/tmp_build/117f7fb/dd2480-g18-Continuous-Integration/src/test/resources\n[INFO] \n[INFO] --- maven-compiler-plugin:3.8.0:testCompile (default-testCompile) @ ci ---\n[INFO] Changes detected - recompiling the module!\n[INFO] Compiling 2 source files to /media/lukas/DATA/Skola/DD2480_software_engineering/dd2480-g18-Continuous-Integration/tmp_build/117f7fb/dd2480-g18-Continuous-Integration/target/test-classes\n[INFO] \n[INFO] --- maven-surefire-plugin:2.22.1:test (default-test) @ ci ---\n[INFO] \n[INFO] -------------------------------------------------------\n[INFO]  T E S T S\n[INFO] -------------------------------------------------------\n[INFO] Running SuccessTest\n[INFO] Tests run: 3, Failures: 0, Errors: 0, Skipped: 0, Time elapsed: 0.047 s - in SuccessTest\n[INFO] Running test.ExampleTest\n[INFO] Tests run: 1, Failures: 0, Errors: 0, Skipped: 0, Time elapsed: 0 s - in test.ExampleTest\n[INFO] \n[INFO] Results:\n[INFO] \n[INFO] Tests run: 4, Failures: 0, Errors: 0, Skipped: 0\n[INFO] \n[INFO] ------------------------------------------------------------------------\n[INFO] BUILD SUCCESS\n[INFO] ------------------------------------------------------------------------\n[INFO] Total time:  2.926 s\n[INFO] Finished at: 2021-02-10T20:31:49+01:00\n[INFO] ------------------------------------------------------------------------\n"}},{"buildID":22,"commitHash":"117f7fb","buildDate":"2021-02-10 20:33:46","branch":"TEST_total_success","installResult":{"installSuccessfull":true,"installLogs":"[INFO] Scanning for projects...\n[INFO] \n[INFO] -----------------------------\u003c group18:ci \u003e-----------------------------\n[INFO] Building ci 1.0\n[INFO] --------------------------------[ jar ]---------------------------------\n[INFO] \n[INFO] --- maven-dependency-plugin:2.8:resolve (default-cli) @ ci ---\n[INFO] \n[INFO] The following files have been resolved:\n[INFO]    org.eclipse.jetty:jetty-io:jar:7.0.2.v20100331:compile\n[INFO]    org.eclipse.jetty:jetty-util:jar:7.0.2.v20100331:compile\n[INFO]    javax.servlet:javax.servlet-api:jar:4.0.1:provided\n[INFO]    org.junit.jupiter:junit-jupiter:jar:5.7.0:test\n[INFO]    org.junit.jupiter:junit-jupiter-engine:jar:5.7.0:test\n[INFO]    org.eclipse.jetty:jetty-http:jar:7.0.2.v20100331:compile\n[INFO]    org.eclipse.jetty:jetty-continuation:jar:7.0.2.v20100331:compile\n[INFO]    org.junit.jupiter:junit-jupiter-api:jar:5.7.0:compile\n[INFO]    javax.servlet:servlet-api:jar:2.5:compile\n[INFO]    org.eclipse.jetty:jetty-server:jar:7.0.2.v20100331:compile\n[INFO]    org.opentest4j:opentest4j:jar:1.2.0:compile\n[INFO]    org.junit.jupiter:junit-jupiter-params:jar:5.7.0:test\n[INFO]    org.junit.platform:junit-platform-commons:jar:1.7.0:compile\n[INFO]    org.apiguardian:apiguardian-api:jar:1.1.0:compile\n[INFO]    org.junit.platform:junit-platform-engine:jar:1.7.0:test\n[INFO] \n[INFO] ------------------------------------------------------------------------\n[INFO] BUILD SUCCESS\n[INFO] ------------------------------------------------------------------------\n[INFO] Total time:  1.245 s\n[INFO] Finished at: 2021-02-10T20:33:37+01:00\n[INFO] ------------------------------------------------------------------------\n"},"buildResult":{"buildSuccessfull":true,"buildLogs":"[INFO] Scanning for projects...\n[INFO] \n[INFO] -----------------------------\u003c group18:ci \u003e-----------------------------\n[INFO] Building ci 1.0\n[INFO] --------------------------------[ jar ]---------------------------------\n[INFO] \n[INFO] --- maven-resources-plugin:3.0.2:resources (default-resources) @ ci ---\n[INFO] Using \u0027UTF-8\u0027 encoding to copy filtered resources.\n[INFO] skip non existing resourceDirectory /media/lukas/DATA/Skola/DD2480_software_engineering/dd2480-g18-Continuous-Integration/tmp_build/117f7fb/dd2480-g18-Continuous-Integration/src/main/resources\n[INFO] \n[INFO] --- maven-compiler-plugin:3.8.0:compile (default-compile) @ ci ---\n[INFO] Changes detected - recompiling the module!\n[INFO] Compiling 1 source file to /media/lukas/DATA/Skola/DD2480_software_engineering/dd2480-g18-Continuous-Integration/tmp_build/117f7fb/dd2480-g18-Continuous-Integration/target/classes\n[INFO] ------------------------------------------------------------------------\n[INFO] BUILD SUCCESS\n[INFO] ------------------------------------------------------------------------\n[INFO] Total time:  1.506 s\n[INFO] Finished at: 2021-02-10T20:33:40+01:00\n[INFO] ------------------------------------------------------------------------\n"},"testResult":{"testSuccessfull":true,"testLogs":"[INFO] Scanning for projects...\n[INFO] \n[INFO] -----------------------------\u003c group18:ci \u003e-----------------------------\n[INFO] Building ci 1.0\n[INFO] --------------------------------[ jar ]---------------------------------\n[INFO] \n[INFO] --- maven-resources-plugin:3.0.2:resources (default-resources) @ ci ---\n[INFO] Using \u0027UTF-8\u0027 encoding to copy filtered resources.\n[INFO] skip non existing resourceDirectory /media/lukas/DATA/Skola/DD2480_software_engineering/dd2480-g18-Continuous-Integration/tmp_build/117f7fb/dd2480-g18-Continuous-Integration/src/main/resources\n[INFO] \n[INFO] --- maven-compiler-plugin:3.8.0:compile (default-compile) @ ci ---\n[INFO] Nothing to compile - all classes are up to date\n[INFO] \n[INFO] --- maven-resources-plugin:3.0.2:testResources (default-testResources) @ ci ---\n[INFO] Using \u0027UTF-8\u0027 encoding to copy filtered resources.\n[INFO] skip non existing resourceDirectory /media/lukas/DATA/Skola/DD2480_software_engineering/dd2480-g18-Continuous-Integration/tmp_build/117f7fb/dd2480-g18-Continuous-Integration/src/test/resources\n[INFO] \n[INFO] --- maven-compiler-plugin:3.8.0:testCompile (default-testCompile) @ ci ---\n[INFO] Changes detected - recompiling the module!\n[INFO] Compiling 2 source files to /media/lukas/DATA/Skola/DD2480_software_engineering/dd2480-g18-Continuous-Integration/tmp_build/117f7fb/dd2480-g18-Continuous-Integration/target/test-classes\n[INFO] \n[INFO] --- maven-surefire-plugin:2.22.1:test (default-test) @ ci ---\n[INFO] \n[INFO] -------------------------------------------------------\n[INFO]  T E S T S\n[INFO] -------------------------------------------------------\n[INFO] Running SuccessTest\n[INFO] Tests run: 3, Failures: 0, Errors: 0, Skipped: 0, Time elapsed: 0.037 s - in SuccessTest\n[INFO] Running test.ExampleTest\n[INFO] Tests run: 1, Failures: 0, Errors: 0, Skipped: 0, Time elapsed: 0.001 s - in test.ExampleTest\n[INFO] \n[INFO] Results:\n[INFO] \n[INFO] Tests run: 4, Failures: 0, Errors: 0, Skipped: 0\n[INFO] \n[INFO] ------------------------------------------------------------------------\n[INFO] BUILD SUCCESS\n[INFO] ------------------------------------------------------------------------\n[INFO] Total time:  2.888 s\n[INFO] Finished at: 2021-02-10T20:33:44+01:00\n[INFO] ------------------------------------------------------------------------\n"}},{"buildID":23,"commitHash":"117f7fb","buildDate":"2021-02-10 20:35:57","branch":"TEST_total_success","installResult":{"installSuccessfull":true,"installLogs":"[INFO] Scanning for projects...\n[INFO] \n[INFO] -----------------------------\u003c group18:ci \u003e-----------------------------\n[INFO] Building ci 1.0\n[INFO] --------------------------------[ jar ]---------------------------------\n[INFO] \n[INFO] --- maven-dependency-plugin:2.8:resolve (default-cli) @ ci ---\n[INFO] \n[INFO] The following files have been resolved:\n[INFO]    org.eclipse.jetty:jetty-io:jar:7.0.2.v20100331:compile\n[INFO]    org.eclipse.jetty:jetty-util:jar:7.0.2.v20100331:compile\n[INFO]    javax.servlet:javax.servlet-api:jar:4.0.1:provided\n[INFO]    org.junit.jupiter:junit-jupiter:jar:5.7.0:test\n[INFO]    org.junit.jupiter:junit-jupiter-engine:jar:5.7.0:test\n[INFO]    org.eclipse.jetty:jetty-http:jar:7.0.2.v20100331:compile\n[INFO]    org.eclipse.jetty:jetty-continuation:jar:7.0.2.v20100331:compile\n[INFO]    org.junit.jupiter:junit-jupiter-api:jar:5.7.0:compile\n[INFO]    javax.servlet:servlet-api:jar:2.5:compile\n[INFO]    org.eclipse.jetty:jetty-server:jar:7.0.2.v20100331:compile\n[INFO]    org.opentest4j:opentest4j:jar:1.2.0:compile\n[INFO]    org.junit.jupiter:junit-jupiter-params:jar:5.7.0:test\n[INFO]    org.junit.platform:junit-platform-commons:jar:1.7.0:compile\n[INFO]    org.apiguardian:apiguardian-api:jar:1.1.0:compile\n[INFO]    org.junit.platform:junit-platform-engine:jar:1.7.0:test\n[INFO] \n[INFO] ------------------------------------------------------------------------\n[INFO] BUILD SUCCESS\n[INFO] ------------------------------------------------------------------------\n[INFO] Total time:  1.225 s\n[INFO] Finished at: 2021-02-10T20:35:48+01:00\n[INFO] ------------------------------------------------------------------------\n"},"buildResult":{"buildSuccessfull":true,"buildLogs":"[INFO] Scanning for projects...\n[INFO] \n[INFO] -----------------------------\u003c group18:ci \u003e-----------------------------\n[INFO] Building ci 1.0\n[INFO] --------------------------------[ jar ]---------------------------------\n[INFO] \n[INFO] --- maven-resources-plugin:3.0.2:resources (default-resources) @ ci ---\n[INFO] Using \u0027UTF-8\u0027 encoding to copy filtered resources.\n[INFO] skip non existing resourceDirectory /media/lukas/DATA/Skola/DD2480_software_engineering/dd2480-g18-Continuous-Integration/tmp_build/117f7fb/dd2480-g18-Continuous-Integration/src/main/resources\n[INFO] \n[INFO] --- maven-compiler-plugin:3.8.0:compile (default-compile) @ ci ---\n[INFO] Changes detected - recompiling the module!\n[INFO] Compiling 1 source file to /media/lukas/DATA/Skola/DD2480_software_engineering/dd2480-g18-Continuous-Integration/tmp_build/117f7fb/dd2480-g18-Continuous-Integration/target/classes\n[INFO] ------------------------------------------------------------------------\n[INFO] BUILD SUCCESS\n[INFO] ------------------------------------------------------------------------\n[INFO] Total time:  1.446 s\n[INFO] Finished at: 2021-02-10T20:35:51+01:00\n[INFO] ------------------------------------------------------------------------\n"},"testResult":{"testSuccessfull":true,"testLogs":"[INFO] Scanning for projects...\n[INFO] \n[INFO] -----------------------------\u003c group18:ci \u003e-----------------------------\n[INFO] Building ci 1.0\n[INFO] --------------------------------[ jar ]---------------------------------\n[INFO] \n[INFO] --- maven-resources-plugin:3.0.2:resources (default-resources) @ ci ---\n[INFO] Using \u0027UTF-8\u0027 encoding to copy filtered resources.\n[INFO] skip non existing resourceDirectory /media/lukas/DATA/Skola/DD2480_software_engineering/dd2480-g18-Continuous-Integration/tmp_build/117f7fb/dd2480-g18-Continuous-Integration/src/main/resources\n[INFO] \n[INFO] --- maven-compiler-plugin:3.8.0:compile (default-compile) @ ci ---\n[INFO] Nothing to compile - all classes are up to date\n[INFO] \n[INFO] --- maven-resources-plugin:3.0.2:testResources (default-testResources) @ ci ---\n[INFO] Using \u0027UTF-8\u0027 encoding to copy filtered resources.\n[INFO] skip non existing resourceDirectory /media/lukas/DATA/Skola/DD2480_software_engineering/dd2480-g18-Continuous-Integration/tmp_build/117f7fb/dd2480-g18-Continuous-Integration/src/test/resources\n[INFO] \n[INFO] --- maven-compiler-plugin:3.8.0:testCompile (default-testCompile) @ ci ---\n[INFO] Changes detected - recompiling the module!\n[INFO] Compiling 2 source files to /media/lukas/DATA/Skola/DD2480_software_engineering/dd2480-g18-Continuous-Integration/tmp_build/117f7fb/dd2480-g18-Continuous-Integration/target/test-classes\n[INFO] \n[INFO] --- maven-surefire-plugin:2.22.1:test (default-test) @ ci ---\n[INFO] \n[INFO] -------------------------------------------------------\n[INFO]  T E S T S\n[INFO] -------------------------------------------------------\n[INFO] Running SuccessTest\n[INFO] Tests run: 3, Failures: 0, Errors: 0, Skipped: 0, Time elapsed: 0.031 s - in SuccessTest\n[INFO] Running test.ExampleTest\n[INFO] Tests run: 1, Failures: 0, Errors: 0, Skipped: 0, Time elapsed: 0 s - in test.ExampleTest\n[INFO] \n[INFO] Results:\n[INFO] \n[INFO] Tests run: 4, Failures: 0, Errors: 0, Skipped: 0\n[INFO] \n[INFO] ------------------------------------------------------------------------\n[INFO] BUILD SUCCESS\n[INFO] ------------------------------------------------------------------------\n[INFO] Total time:  3.116 s\n[INFO] Finished at: 2021-02-10T20:35:55+01:00\n[INFO] ------------------------------------------------------------------------\n"}},{"buildID":24,"commitHash":"117f7fb","buildDate":"2021-02-10 20:37:14","branch":"TEST_total_success","installResult":{"installSuccessfull":true,"installLogs":"[INFO] Scanning for projects...\n[INFO] \n[INFO] -----------------------------\u003c group18:ci \u003e-----------------------------\n[INFO] Building ci 1.0\n[INFO] --------------------------------[ jar ]---------------------------------\n[INFO] \n[INFO] --- maven-dependency-plugin:2.8:resolve (default-cli) @ ci ---\n[INFO] \n[INFO] The following files have been resolved:\n[INFO]    org.eclipse.jetty:jetty-io:jar:7.0.2.v20100331:compile\n[INFO]    org.eclipse.jetty:jetty-util:jar:7.0.2.v20100331:compile\n[INFO]    javax.servlet:javax.servlet-api:jar:4.0.1:provided\n[INFO]    org.junit.jupiter:junit-jupiter:jar:5.7.0:test\n[INFO]    org.junit.jupiter:junit-jupiter-engine:jar:5.7.0:test\n[INFO]    org.eclipse.jetty:jetty-http:jar:7.0.2.v20100331:compile\n[INFO]    org.eclipse.jetty:jetty-continuation:jar:7.0.2.v20100331:compile\n[INFO]    org.junit.jupiter:junit-jupiter-api:jar:5.7.0:compile\n[INFO]    javax.servlet:servlet-api:jar:2.5:compile\n[INFO]    org.eclipse.jetty:jetty-server:jar:7.0.2.v20100331:compile\n[INFO]    org.opentest4j:opentest4j:jar:1.2.0:compile\n[INFO]    org.junit.jupiter:junit-jupiter-params:jar:5.7.0:test\n[INFO]    org.junit.platform:junit-platform-commons:jar:1.7.0:compile\n[INFO]    org.apiguardian:apiguardian-api:jar:1.1.0:compile\n[INFO]    org.junit.platform:junit-platform-engine:jar:1.7.0:test\n[INFO] \n[INFO] ------------------------------------------------------------------------\n[INFO] BUILD SUCCESS\n[INFO] ------------------------------------------------------------------------\n[INFO] Total time:  1.162 s\n[INFO] Finished at: 2021-02-10T20:37:05+01:00\n[INFO] ------------------------------------------------------------------------\n"},"buildResult":{"buildSuccessfull":true,"buildLogs":"[INFO] Scanning for projects...\n[INFO] \n[INFO] -----------------------------\u003c group18:ci \u003e-----------------------------\n[INFO] Building ci 1.0\n[INFO] --------------------------------[ jar ]---------------------------------\n[INFO] \n[INFO] --- maven-resources-plugin:3.0.2:resources (default-resources) @ ci ---\n[INFO] Using \u0027UTF-8\u0027 encoding to copy filtered resources.\n[INFO] skip non existing resourceDirectory /media/lukas/DATA/Skola/DD2480_software_engineering/dd2480-g18-Continuous-Integration/tmp_build/117f7fb/dd2480-g18-Continuous-Integration/src/main/resources\n[INFO] \n[INFO] --- maven-compiler-plugin:3.8.0:compile (default-compile) @ ci ---\n[INFO] Changes detected - recompiling the module!\n[INFO] Compiling 1 source file to /media/lukas/DATA/Skola/DD2480_software_engineering/dd2480-g18-Continuous-Integration/tmp_build/117f7fb/dd2480-g18-Continuous-Integration/target/classes\n[INFO] ------------------------------------------------------------------------\n[INFO] BUILD SUCCESS\n[INFO] ------------------------------------------------------------------------\n[INFO] Total time:  1.425 s\n[INFO] Finished at: 2021-02-10T20:37:07+01:00\n[INFO] ------------------------------------------------------------------------\n"},"testResult":{"testSuccessfull":true,"testLogs":"[INFO] Scanning for projects...\n[INFO] \n[INFO] -----------------------------\u003c group18:ci \u003e-----------------------------\n[INFO] Building ci 1.0\n[INFO] --------------------------------[ jar ]---------------------------------\n[INFO] \n[INFO] --- maven-resources-plugin:3.0.2:resources (default-resources) @ ci ---\n[INFO] Using \u0027UTF-8\u0027 encoding to copy filtered resources.\n[INFO] skip non existing resourceDirectory /media/lukas/DATA/Skola/DD2480_software_engineering/dd2480-g18-Continuous-Integration/tmp_build/117f7fb/dd2480-g18-Continuous-Integration/src/main/resources\n[INFO] \n[INFO] --- maven-compiler-plugin:3.8.0:compile (default-compile) @ ci ---\n[INFO] Nothing to compile - all classes are up to date\n[INFO] \n[INFO] --- maven-resources-plugin:3.0.2:testResources (default-testResources) @ ci ---\n[INFO] Using \u0027UTF-8\u0027 encoding to copy filtered resources.\n[INFO] skip non existing resourceDirectory /media/lukas/DATA/Skola/DD2480_software_engineering/dd2480-g18-Continuous-Integration/tmp_build/117f7fb/dd2480-g18-Continuous-Integration/src/test/resources\n[INFO] \n[INFO] --- maven-compiler-plugin:3.8.0:testCompile (default-testCompile) @ ci ---\n[INFO] Changes detected - recompiling the module!\n[INFO] Compiling 2 source files to /media/lukas/DATA/Skola/DD2480_software_engineering/dd2480-g18-Continuous-Integration/tmp_build/117f7fb/dd2480-g18-Continuous-Integration/target/test-classes\n[INFO] \n[INFO] --- maven-surefire-plugin:2.22.1:test (default-test) @ ci ---\n[INFO] \n[INFO] -------------------------------------------------------\n[INFO]  T E S T S\n[INFO] -------------------------------------------------------\n[INFO] Running SuccessTest\n[INFO] Tests run: 3, Failures: 0, Errors: 0, Skipped: 0, Time elapsed: 0.045 s - in SuccessTest\n[INFO] Running test.ExampleTest\n[INFO] Tests run: 1, Failures: 0, Errors: 0, Skipped: 0, Time elapsed: 0 s - in test.ExampleTest\n[INFO] \n[INFO] Results:\n[INFO] \n[INFO] Tests run: 4, Failures: 0, Errors: 0, Skipped: 0\n[INFO] \n[INFO] ------------------------------------------------------------------------\n[INFO] BUILD SUCCESS\n[INFO] ------------------------------------------------------------------------\n[INFO] Total time:  3.020 s\n[INFO] Finished at: 2021-02-10T20:37:12+01:00\n[INFO] ------------------------------------------------------------------------\n"}},{"buildID":25,"commitHash":"117f7fb","buildDate":"2021-02-10 20:47:36","branch":"TEST_total_success","installResult":{"installSuccessfull":true,"installLogs":"[INFO] Scanning for projects...\n[INFO] \n[INFO] -----------------------------\u003c group18:ci \u003e-----------------------------\n[INFO] Building ci 1.0\n[INFO] --------------------------------[ jar ]---------------------------------\n[INFO] \n[INFO] --- maven-dependency-plugin:2.8:resolve (default-cli) @ ci ---\n[INFO] \n[INFO] The following files have been resolved:\n[INFO]    org.eclipse.jetty:jetty-io:jar:7.0.2.v20100331:compile\n[INFO]    org.eclipse.jetty:jetty-util:jar:7.0.2.v20100331:compile\n[INFO]    javax.servlet:javax.servlet-api:jar:4.0.1:provided\n[INFO]    org.junit.jupiter:junit-jupiter:jar:5.7.0:test\n[INFO]    org.junit.jupiter:junit-jupiter-engine:jar:5.7.0:test\n[INFO]    org.eclipse.jetty:jetty-http:jar:7.0.2.v20100331:compile\n[INFO]    org.eclipse.jetty:jetty-continuation:jar:7.0.2.v20100331:compile\n[INFO]    org.junit.jupiter:junit-jupiter-api:jar:5.7.0:compile\n[INFO]    javax.servlet:servlet-api:jar:2.5:compile\n[INFO]    org.eclipse.jetty:jetty-server:jar:7.0.2.v20100331:compile\n[INFO]    org.opentest4j:opentest4j:jar:1.2.0:compile\n[INFO]    org.junit.jupiter:junit-jupiter-params:jar:5.7.0:test\n[INFO]    org.junit.platform:junit-platform-commons:jar:1.7.0:compile\n[INFO]    org.apiguardian:apiguardian-api:jar:1.1.0:compile\n[INFO]    org.junit.platform:junit-platform-engine:jar:1.7.0:test\n[INFO] \n[INFO] ------------------------------------------------------------------------\n[INFO] BUILD SUCCESS\n[INFO] ------------------------------------------------------------------------\n[INFO] Total time:  1.284 s\n[INFO] Finished at: 2021-02-10T20:47:27+01:00\n[INFO] ------------------------------------------------------------------------\n"},"buildResult":{"buildSuccessfull":true,"buildLogs":"[INFO] Scanning for projects...\n[INFO] \n[INFO] -----------------------------\u003c group18:ci \u003e-----------------------------\n[INFO] Building ci 1.0\n[INFO] --------------------------------[ jar ]---------------------------------\n[INFO] \n[INFO] --- maven-resources-plugin:3.0.2:resources (default-resources) @ ci ---\n[INFO] Using \u0027UTF-8\u0027 encoding to copy filtered resources.\n[INFO] skip non existing resourceDirectory /media/lukas/DATA/Skola/DD2480_software_engineering/dd2480-g18-Continuous-Integration/tmp_build/117f7fb/dd2480-g18-Continuous-Integration/src/main/resources\n[INFO] \n[INFO] --- maven-compiler-plugin:3.8.0:compile (default-compile) @ ci ---\n[INFO] Changes detected - recompiling the module!\n[INFO] Compiling 1 source file to /media/lukas/DATA/Skola/DD2480_software_engineering/dd2480-g18-Continuous-Integration/tmp_build/117f7fb/dd2480-g18-Continuous-Integration/target/classes\n[INFO] ------------------------------------------------------------------------\n[INFO] BUILD SUCCESS\n[INFO] ------------------------------------------------------------------------\n[INFO] Total time:  1.390 s\n[INFO] Finished at: 2021-02-10T20:47:30+01:00\n[INFO] ------------------------------------------------------------------------\n"},"testResult":{"testSuccessfull":true,"testLogs":"[INFO] Scanning for projects...\n[INFO] \n[INFO] -----------------------------\u003c group18:ci \u003e-----------------------------\n[INFO] Building ci 1.0\n[INFO] --------------------------------[ jar ]---------------------------------\n[INFO] \n[INFO] --- maven-resources-plugin:3.0.2:resources (default-resources) @ ci ---\n[INFO] Using \u0027UTF-8\u0027 encoding to copy filtered resources.\n[INFO] skip non existing resourceDirectory /media/lukas/DATA/Skola/DD2480_software_engineering/dd2480-g18-Continuous-Integration/tmp_build/117f7fb/dd2480-g18-Continuous-Integration/src/main/resources\n[INFO] \n[INFO] --- maven-compiler-plugin:3.8.0:compile (default-compile) @ ci ---\n[INFO] Nothing to compile - all classes are up to date\n[INFO] \n[INFO] --- maven-resources-plugin:3.0.2:testResources (default-testResources) @ ci ---\n[INFO] Using \u0027UTF-8\u0027 encoding to copy filtered resources.\n[INFO] skip non existing resourceDirectory /media/lukas/DATA/Skola/DD2480_software_engineering/dd2480-g18-Continuous-Integration/tmp_build/117f7fb/dd2480-g18-Continuous-Integration/src/test/resources\n[INFO] \n[INFO] --- maven-compiler-plugin:3.8.0:testCompile (default-testCompile) @ ci ---\n[INFO] Changes detected - recompiling the module!\n[INFO] Compiling 2 source files to /media/lukas/DATA/Skola/DD2480_software_engineering/dd2480-g18-Continuous-Integration/tmp_build/117f7fb/dd2480-g18-Continuous-Integration/target/test-classes\n[INFO] \n[INFO] --- maven-surefire-plugin:2.22.1:test (default-test) @ ci ---\n[INFO] \n[INFO] -------------------------------------------------------\n[INFO]  T E S T S\n[INFO] -------------------------------------------------------\n[INFO] Running SuccessTest\n[INFO] Tests run: 3, Failures: 0, Errors: 0, Skipped: 0, Time elapsed: 0.035 s - in SuccessTest\n[INFO] Running test.ExampleTest\n[INFO] Tests run: 1, Failures: 0, Errors: 0, Skipped: 0, Time elapsed: 0 s - in test.ExampleTest\n[INFO] \n[INFO] Results:\n[INFO] \n[INFO] Tests run: 4, Failures: 0, Errors: 0, Skipped: 0\n[INFO] \n[INFO] ------------------------------------------------------------------------\n[INFO] BUILD SUCCESS\n[INFO] ------------------------------------------------------------------------\n[INFO] Total time:  2.770 s\n[INFO] Finished at: 2021-02-10T20:47:34+01:00\n[INFO] ------------------------------------------------------------------------\n"}},{"buildID":26,"commitHash":"543abe1","buildDate":"2021-02-10 20:59:34","branch":"TEST_test_fail","installResult":{"installSuccessfull":true,"installLogs":"[INFO] Scanning for projects...\n[INFO] \n[INFO] -----------------------------\u003c group18:ci \u003e-----------------------------\n[INFO] Building ci 1.0\n[INFO] --------------------------------[ jar ]---------------------------------\n[INFO] \n[INFO] --- maven-dependency-plugin:2.8:resolve (default-cli) @ ci ---\n[INFO] \n[INFO] The following files have been resolved:\n[INFO]    org.eclipse.jetty:jetty-io:jar:7.0.2.v20100331:compile\n[INFO]    org.eclipse.jetty:jetty-util:jar:7.0.2.v20100331:compile\n[INFO]    javax.servlet:javax.servlet-api:jar:4.0.1:provided\n[INFO]    org.junit.jupiter:junit-jupiter:jar:5.7.0:test\n[INFO]    org.junit.jupiter:junit-jupiter-engine:jar:5.7.0:test\n[INFO]    org.eclipse.jetty:jetty-http:jar:7.0.2.v20100331:compile\n[INFO]    org.eclipse.jetty:jetty-continuation:jar:7.0.2.v20100331:compile\n[INFO]    org.junit.jupiter:junit-jupiter-api:jar:5.7.0:compile\n[INFO]    javax.servlet:servlet-api:jar:2.5:compile\n[INFO]    org.eclipse.jetty:jetty-server:jar:7.0.2.v20100331:compile\n[INFO]    org.opentest4j:opentest4j:jar:1.2.0:compile\n[INFO]    org.junit.jupiter:junit-jupiter-params:jar:5.7.0:test\n[INFO]    org.junit.platform:junit-platform-commons:jar:1.7.0:compile\n[INFO]    org.apiguardian:apiguardian-api:jar:1.1.0:compile\n[INFO]    org.junit.platform:junit-platform-engine:jar:1.7.0:test\n[INFO] \n[INFO] ------------------------------------------------------------------------\n[INFO] BUILD SUCCESS\n[INFO] ------------------------------------------------------------------------\n[INFO] Total time:  1.183 s\n[INFO] Finished at: 2021-02-10T20:59:24+01:00\n[INFO] ------------------------------------------------------------------------\n"},"buildResult":{"buildSuccessfull":true,"buildLogs":"[INFO] Scanning for projects...\n[INFO] \n[INFO] -----------------------------\u003c group18:ci \u003e-----------------------------\n[INFO] Building ci 1.0\n[INFO] --------------------------------[ jar ]---------------------------------\n[INFO] \n[INFO] --- maven-resources-plugin:3.0.2:resources (default-resources) @ ci ---\n[INFO] Using \u0027UTF-8\u0027 encoding to copy filtered resources.\n[INFO] skip non existing resourceDirectory /media/lukas/DATA/Skola/DD2480_software_engineering/dd2480-g18-Continuous-Integration/tmp_build/543abe1/dd2480-g18-Continuous-Integration/src/main/resources\n[INFO] \n[INFO] --- maven-compiler-plugin:3.8.0:compile (default-compile) @ ci ---\n[INFO] Changes detected - recompiling the module!\n[INFO] Compiling 1 source file to /media/lukas/DATA/Skola/DD2480_software_engineering/dd2480-g18-Continuous-Integration/tmp_build/543abe1/dd2480-g18-Continuous-Integration/target/classes\n[INFO] ------------------------------------------------------------------------\n[INFO] BUILD SUCCESS\n[INFO] ------------------------------------------------------------------------\n[INFO] Total time:  1.360 s\n[INFO] Finished at: 2021-02-10T20:59:27+01:00\n[INFO] ------------------------------------------------------------------------\n"},"testResult":{"testSuccessfull":false,"testLogs":"[INFO] Scanning for projects...\n[INFO] \n[INFO] -----------------------------\u003c group18:ci \u003e-----------------------------\n[INFO] Building ci 1.0\n[INFO] --------------------------------[ jar ]---------------------------------\n[INFO] \n[INFO] --- maven-resources-plugin:3.0.2:resources (default-resources) @ ci ---\n[INFO] Using \u0027UTF-8\u0027 encoding to copy filtered resources.\n[INFO] skip non existing resourceDirectory /media/lukas/DATA/Skola/DD2480_software_engineering/dd2480-g18-Continuous-Integration/tmp_build/543abe1/dd2480-g18-Continuous-Integration/src/main/resources\n[INFO] \n[INFO] --- maven-compiler-plugin:3.8.0:compile (default-compile) @ ci ---\n[INFO] Nothing to compile - all classes are up to date\n[INFO] \n[INFO] --- maven-resources-plugin:3.0.2:testResources (default-testResources) @ ci ---\n[INFO] Using \u0027UTF-8\u0027 encoding to copy filtered resources.\n[INFO] skip non existing resourceDirectory /media/lukas/DATA/Skola/DD2480_software_engineering/dd2480-g18-Continuous-Integration/tmp_build/543abe1/dd2480-g18-Continuous-Integration/src/test/resources\n[INFO] \n[INFO] --- maven-compiler-plugin:3.8.0:testCompile (default-testCompile) @ ci ---\n[INFO] Changes detected - recompiling the module!\n[INFO] Compiling 2 source files to /media/lukas/DATA/Skola/DD2480_software_engineering/dd2480-g18-Continuous-Integration/tmp_build/543abe1/dd2480-g18-Continuous-Integration/target/test-classes\n[INFO] \n[INFO] --- maven-surefire-plugin:2.22.1:test (default-test) @ ci ---\n[INFO] \n[INFO] -------------------------------------------------------\n[INFO]  T E S T S\n[INFO] -------------------------------------------------------\n[INFO] Running FailTest\n[ERROR] Tests run: 1, Failures: 1, Errors: 0, Skipped: 0, Time elapsed: 0.047 s \u003c\u003c\u003c FAILURE! - in FailTest\n[ERROR] failTest  Time elapsed: 0.04 s  \u003c\u003c\u003c FAILURE!\norg.opentest4j.AssertionFailedError: expected: \u003cfalse\u003e but was: \u003ctrue\u003e\n\tat FailTest.failTest(FailTest.java:8)\n\n[INFO] Running test.ExampleTest\n[INFO] Tests run: 1, Failures: 0, Errors: 0, Skipped: 0, Time elapsed: 0.001 s - in test.ExampleTest\n[INFO] \n[INFO] Results:\n[INFO] \n[ERROR] Failures: \n[ERROR]   FailTest.failTest:8 expected: \u003cfalse\u003e but was: \u003ctrue\u003e\n[INFO] \n[ERROR] Tests run: 2, Failures: 1, Errors: 0, Skipped: 0\n[INFO] \n[INFO] ------------------------------------------------------------------------\n[INFO] BUILD FAILURE\n[INFO] ------------------------------------------------------------------------\n[INFO] Total time:  2.756 s\n[INFO] Finished at: 2021-02-10T20:59:31+01:00\n[INFO] ------------------------------------------------------------------------\n[ERROR] Failed to execute goal org.apache.maven.plugins:maven-surefire-plugin:2.22.1:test (default-test) on project ci: There are test failures.\n[ERROR] \n[ERROR] Please refer to /media/lukas/DATA/Skola/DD2480_software_engineering/dd2480-g18-Continuous-Integration/tmp_build/543abe1/dd2480-g18-Continuous-Integration/target/surefire-reports for the individual test results.\n[ERROR] Please refer to dump files (if any exist) [date].dump, [date]-jvmRun[N].dump and [date].dumpstream.\n[ERROR] -\u003e [Help 1]\n[ERROR] \n[ERROR] To see the full stack trace of the errors, re-run Maven with the -e switch.\n[ERROR] Re-run Maven using the -X switch to enable full debug logging.\n[ERROR] \n[ERROR] For more information about the errors and possible solutions, please read the following articles:\n[ERROR] [Help 1] http://cwiki.apache.org/confluence/display/MAVEN/MojoFailureException\n"}}]}